#
# There is insufficient memory for the Java Runtime Environment to continue.
# Native memory allocation (malloc) failed to allocate 1419856 bytes for Chunk::new
# Possible reasons:
#   The system is out of physical RAM or swap space
#   The process is running with CompressedOops enabled, and the Java Heap may be blocking the growth of the native heap
# Possible solutions:
#   Reduce memory load on the system
#   Increase physical memory or swap space
#   Check if swap backing store is full
#   Decrease Java heap size (-Xmx/-Xms)
#   Decrease number of Java threads
#   Decrease Java thread stack sizes (-Xss)
#   Set larger code cache with -XX:ReservedCodeCacheSize=
#   JVM is running with Unscaled Compressed Oops mode in which the Java heap is
#     placed in the first 4GB address space. The Java Heap base address is the
#     maximum limit for the native heap growth. Please use -XX:HeapBaseMinAddress
#     to set the Java Heap base and to place the Java Heap above 4GB virtual address.
# This output file may be truncated or incomplete.
#
#  Out of Memory Error (./src/hotspot/share/memory/arena.cpp:197), pid=65036, tid=29376
#
# JRE version: OpenJDK Runtime Environment (11.0.12+7) (build 11.0.12+7-b1504.28-7817840)
# Java VM: OpenJDK 64-Bit Server VM (11.0.12+7-b1504.28-7817840, mixed mode, tiered, compressed oops, g1 gc, windows-amd64)
# No core dump will be written. Minidumps are not enabled by default on client versions of Windows
#

---------------  S U M M A R Y ------------

Command Line: --add-opens=java.base/java.util=ALL-UNNAMED --add-opens=java.base/java.lang=ALL-UNNAMED --add-opens=java.base/java.lang.invoke=ALL-UNNAMED --add-opens=java.base/java.util=ALL-UNNAMED --add-opens=java.prefs/java.util.prefs=ALL-UNNAMED --add-opens=java.prefs/java.util.prefs=ALL-UNNAMED --add-opens=java.base/java.nio.charset=ALL-UNNAMED --add-opens=java.base/java.net=ALL-UNNAMED --add-opens=java.base/java.util.concurrent.atomic=ALL-UNNAMED -Xmx2048m -Dfile.encoding=UTF-8 -Duser.country=US -Duser.language=en -Duser.variant org.gradle.launcher.daemon.bootstrap.GradleDaemon 7.3.3

Host: Intel(R) Core(TM) i7-4510U CPU @ 2.00GHz, 4 cores, 7G,  Windows 10 , 64 bit Build 19041 (10.0.19041.1806)
Time: Thu Jul 28 22:44:48 2022 Pakistan Standard Time elapsed time: 177.519655 seconds (0d 0h 2m 57s)

---------------  T H R E A D  ---------------

Current thread (0x00000272b4769800):  JavaThread "C2 CompilerThread0" daemon [_thread_in_native, id=29376, stack(0x0000008fc5400000,0x0000008fc5500000)]


Current CompileTask:
C2: 177519 16938       4       com.android.tools.r8.internal.HD::a (278 bytes)

Stack: [0x0000008fc5400000,0x0000008fc5500000]
Native frames: (J=compiled Java code, j=interpreted, Vv=VM code, C=native code)
V  [jvm.dll+0x5fbcea]
V  [jvm.dll+0x731905]
V  [jvm.dll+0x732f1d]
V  [jvm.dll+0x7335d3]
V  [jvm.dll+0x247bf8]
V  [jvm.dll+0xc018c]
V  [jvm.dll+0xc06cc]
V  [jvm.dll+0x35b2db]
V  [jvm.dll+0x328803]
V  [jvm.dll+0x327cfa]
V  [jvm.dll+0x200602]
V  [jvm.dll+0x1ff794]
V  [jvm.dll+0x18868c]
V  [jvm.dll+0x20e0d7]
V  [jvm.dll+0x20c901]
V  [jvm.dll+0x6f9b7f]
V  [jvm.dll+0x6f26a5]
V  [jvm.dll+0x5fabf6]
C  [ucrtbase.dll+0x21bb2]
C  [KERNEL32.DLL+0x17034]
C  [ntdll.dll+0x52651]


---------------  P R O C E S S  ---------------

Threads class SMR info:
_java_thread_list=0x00000272b5d7c870, length=95, elements={
0x0000027298bfe000, 0x00000272b4740000, 0x00000272b4743800, 0x00000272b475d000,
0x00000272b475e000, 0x00000272b475e800, 0x00000272b4769800, 0x00000272b4770000,
0x00000272b4773800, 0x00000272b522c800, 0x00000272b5230800, 0x00000272b522a800,
0x00000272b5231000, 0x00000272b522b800, 0x00000272b522d000, 0x00000272b522f800,
0x00000272b522e000, 0x00000272b522e800, 0x00000272b6fae000, 0x00000272b6fab800,
0x00000272b6fac000, 0x00000272b6fa8000, 0x00000272b6fae800, 0x00000272b6fa9800,
0x00000272b6fa9000, 0x00000272b6faa800, 0x00000272b6faf800, 0x00000272b6fb0800,
0x00000272b6fad000, 0x00000272b6fb1000, 0x00000272b6fb2000, 0x00000272b6fb3800,
0x00000272b6fb4800, 0x00000272b6fb5000, 0x00000272ba083800, 0x00000272ba086000,
0x00000272ba084800, 0x00000272ba088000, 0x00000272ba085800, 0x00000272ba087000,
0x00000272ba082000, 0x00000272ba088800, 0x00000272ba083000, 0x00000272ba089800,
0x00000272ba08c000, 0x00000272ba08c800, 0x00000272ba08e800, 0x00000272ba08f000,
0x00000272ba08a000, 0x00000272ba08b000, 0x00000272ba08d800, 0x00000272ba090000,
0x00000272ba091000, 0x00000272b89f9000, 0x00000272b89fa000, 0x00000272b89fb000,
0x00000272b89ff800, 0x00000272b89fd000, 0x00000272b89fb800, 0x00000272b89fe000,
0x00000272b89fc800, 0x00000272b89ff000, 0x00000272ba27c800, 0x00000272ba27d800,
0x00000272ba27b800, 0x00000272ba27e000, 0x00000272ba279000, 0x00000272ba278800,
0x00000272ba27f000, 0x00000272ba27a000, 0x00000272ba27b000, 0x00000272ba8c3000,
0x00000272ba8c3800, 0x00000272ba8c4800, 0x00000272ba8c5800, 0x00000272ba8bf800,
0x00000272ba8c6000, 0x00000272ba8c1800, 0x00000272ba8c0800, 0x00000272ba8c8800,
0x00000272ba8c9800, 0x00000272ba8c7000, 0x00000272ba8cd800, 0x00000272ba8ca000,
0x00000272ba8cb000, 0x00000272ba8cc000, 0x00000272ba8ce800, 0x00000272b6fa7800,
0x00000272bc2c3000, 0x00000272bc2c0000, 0x00000272bc2c1800, 0x00000272bc2c4000,
0x00000272bc2c5000, 0x00000272bc2c2800, 0x00000272be885800
}

Java Threads: ( => current thread )
  0x0000027298bfe000 JavaThread "main" [_thread_blocked, id=2136, stack(0x0000008fc4800000,0x0000008fc4900000)]
  0x00000272b4740000 JavaThread "Reference Handler" daemon [_thread_blocked, id=68552, stack(0x0000008fc4f00000,0x0000008fc5000000)]
  0x00000272b4743800 JavaThread "Finalizer" daemon [_thread_blocked, id=68564, stack(0x0000008fc5000000,0x0000008fc5100000)]
  0x00000272b475d000 JavaThread "Signal Dispatcher" daemon [_thread_blocked, id=77424, stack(0x0000008fc5100000,0x0000008fc5200000)]
  0x00000272b475e000 JavaThread "Attach Listener" daemon [_thread_blocked, id=70648, stack(0x0000008fc5200000,0x0000008fc5300000)]
  0x00000272b475e800 JavaThread "Service Thread" daemon [_thread_blocked, id=45728, stack(0x0000008fc5300000,0x0000008fc5400000)]
=>0x00000272b4769800 JavaThread "C2 CompilerThread0" daemon [_thread_in_native, id=29376, stack(0x0000008fc5400000,0x0000008fc5500000)]
  0x00000272b4770000 JavaThread "C1 CompilerThread0" daemon [_thread_blocked, id=77828, stack(0x0000008fc5500000,0x0000008fc5600000)]
  0x00000272b4773800 JavaThread "Sweeper thread" daemon [_thread_blocked, id=77840, stack(0x0000008fc5600000,0x0000008fc5700000)]
  0x00000272b522c800 JavaThread "Common-Cleaner" daemon [_thread_blocked, id=77832, stack(0x0000008fc5700000,0x0000008fc5800000)]
  0x00000272b5230800 JavaThread "Daemon health stats" [_thread_blocked, id=76256, stack(0x0000008fc5c00000,0x0000008fc5d00000)]
  0x00000272b522a800 JavaThread "Incoming local TCP Connector on port 50979" [_thread_in_native, id=66352, stack(0x0000008fc5900000,0x0000008fc5a00000)]
  0x00000272b5231000 JavaThread "Daemon periodic checks" [_thread_blocked, id=65508, stack(0x0000008fc5d00000,0x0000008fc5e00000)]
  0x00000272b522b800 JavaThread "Daemon" [_thread_blocked, id=52520, stack(0x0000008fc5e00000,0x0000008fc5f00000)]
  0x00000272b522d000 JavaThread "Handler for socket connection from /127.0.0.1:50979 to /127.0.0.1:50980" [_thread_in_native, id=39280, stack(0x0000008fc5f00000,0x0000008fc6000000)]
  0x00000272b522f800 JavaThread "Cancel handler" [_thread_blocked, id=58068, stack(0x0000008fc6000000,0x0000008fc6100000)]
  0x00000272b522e000 JavaThread "Daemon worker" [_thread_blocked, id=49252, stack(0x0000008fc6100000,0x0000008fc6200000)]
  0x00000272b522e800 JavaThread "Asynchronous log dispatcher for DefaultDaemonConnection: socket connection from /127.0.0.1:50979 to /127.0.0.1:50980" [_thread_blocked, id=57900, stack(0x0000008fc6300000,0x0000008fc6400000)]
  0x00000272b6fae000 JavaThread "Daemon client event forwarder" [_thread_blocked, id=51180, stack(0x0000008fc6500000,0x0000008fc6600000)]
  0x00000272b6fab800 JavaThread "Cache worker for journal cache (C:\Users\hanan\.gradle\caches\journal-1)" [_thread_blocked, id=57792, stack(0x0000008fc6700000,0x0000008fc6800000)]
  0x00000272b6fac000 JavaThread "File lock request listener" [_thread_in_native, id=68144, stack(0x0000008fc6800000,0x0000008fc6900000)]
  0x00000272b6fa8000 JavaThread "Cache worker for file hash cache (C:\Users\hanan\.gradle\caches\7.3.3\fileHashes)" [_thread_blocked, id=43180, stack(0x0000008fc6900000,0x0000008fc6a00000)]
  0x00000272b6fae800 JavaThread "Cache worker for file hash cache (D:\Android Projects\QuizZone\.gradle\7.3.3\fileHashes)" [_thread_blocked, id=67984, stack(0x0000008fc6a00000,0x0000008fc6b00000)]
  0x00000272b6fa9800 JavaThread "File watcher server" daemon [_thread_in_native, id=76212, stack(0x0000008fc6b00000,0x0000008fc6c00000)]
  0x00000272b6fa9000 JavaThread "File watcher consumer" daemon [_thread_blocked, id=22880, stack(0x0000008fc6c00000,0x0000008fc6d00000)]
  0x00000272b6faa800 JavaThread "Cache worker for checksums cache (D:\Android Projects\QuizZone\.gradle\7.3.3\checksums)" [_thread_blocked, id=66124, stack(0x0000008fc6d00000,0x0000008fc6e00000)]
  0x00000272b6faf800 JavaThread "Cache worker for cache directory md-supplier (C:\Users\hanan\.gradle\caches\7.3.3\md-supplier)" [_thread_blocked, id=61252, stack(0x0000008fc6e00000,0x0000008fc6f00000)]
  0x00000272b6fb0800 JavaThread "Cache worker for cache directory md-rule (C:\Users\hanan\.gradle\caches\7.3.3\md-rule)" [_thread_blocked, id=3216, stack(0x0000008fc6f00000,0x0000008fc7000000)]
  0x00000272b6fad000 JavaThread "Cache worker for execution history cache (C:\Users\hanan\.gradle\caches\7.3.3\executionHistory)" [_thread_blocked, id=67500, stack(0x0000008fc7000000,0x0000008fc7100000)]
  0x00000272b6fb1000 JavaThread "jar transforms" [_thread_blocked, id=66144, stack(0x0000008fc7100000,0x0000008fc7200000)]
  0x00000272b6fb2000 JavaThread "Cache worker for file content cache (C:\Users\hanan\.gradle\caches\7.3.3\fileContent)" [_thread_blocked, id=76120, stack(0x0000008fc7200000,0x0000008fc7300000)]
  0x00000272b6fb3800 JavaThread "jar transforms Thread 2" [_thread_blocked, id=77848, stack(0x0000008fc7300000,0x0000008fc7400000)]
  0x00000272b6fb4800 JavaThread "Cache worker for dependencies-accessors (D:\Android Projects\QuizZone\.gradle\7.3.3\dependencies-accessors)" [_thread_blocked, id=47364, stack(0x0000008fc7400000,0x0000008fc7500000)]
  0x00000272b6fb5000 JavaThread "jar transforms Thread 3" [_thread_blocked, id=68124, stack(0x0000008fc7500000,0x0000008fc7600000)]
  0x00000272ba083800 JavaThread "Cache worker for Build Output Cleanup Cache (D:\Android Projects\QuizZone\.gradle\buildOutputCleanup)" [_thread_blocked, id=78396, stack(0x0000008fc7600000,0x0000008fc7700000)]
  0x00000272ba086000 JavaThread "Unconstrained build operations" [_thread_blocked, id=78412, stack(0x0000008fc7700000,0x0000008fc7800000)]
  0x00000272ba084800 JavaThread "Unconstrained build operations Thread 2" [_thread_blocked, id=41100, stack(0x0000008fc7800000,0x0000008fc7900000)]
  0x00000272ba088000 JavaThread "Unconstrained build operations Thread 3" [_thread_blocked, id=78728, stack(0x0000008fc7900000,0x0000008fc7a00000)]
  0x00000272ba085800 JavaThread "Unconstrained build operations Thread 4" [_thread_blocked, id=57244, stack(0x0000008fc7a00000,0x0000008fc7b00000)]
  0x00000272ba087000 JavaThread "Unconstrained build operations Thread 5" [_thread_blocked, id=63760, stack(0x0000008fc7b00000,0x0000008fc7c00000)]
  0x00000272ba082000 JavaThread "Unconstrained build operations Thread 6" [_thread_blocked, id=78252, stack(0x0000008fc7c00000,0x0000008fc7d00000)]
  0x00000272ba088800 JavaThread "Unconstrained build operations Thread 7" [_thread_blocked, id=78068, stack(0x0000008fc7d00000,0x0000008fc7e00000)]
  0x00000272ba083000 JavaThread "Unconstrained build operations Thread 8" [_thread_blocked, id=63952, stack(0x0000008fc7e00000,0x0000008fc7f00000)]
  0x00000272ba089800 JavaThread "Unconstrained build operations Thread 9" [_thread_blocked, id=78400, stack(0x0000008fc7f00000,0x0000008fc8000000)]
  0x00000272ba08c000 JavaThread "Unconstrained build operations Thread 10" [_thread_blocked, id=78360, stack(0x0000008fc8000000,0x0000008fc8100000)]
  0x00000272ba08c800 JavaThread "Unconstrained build operations Thread 11" [_thread_blocked, id=78364, stack(0x0000008fc8100000,0x0000008fc8200000)]
  0x00000272ba08e800 JavaThread "Unconstrained build operations Thread 12" [_thread_blocked, id=78296, stack(0x0000008fc8200000,0x0000008fc8300000)]
  0x00000272ba08f000 JavaThread "Unconstrained build operations Thread 13" [_thread_blocked, id=78392, stack(0x0000008fc8300000,0x0000008fc8400000)]
  0x00000272ba08a000 JavaThread "Unconstrained build operations Thread 14" [_thread_blocked, id=78344, stack(0x0000008fc8400000,0x0000008fc8500000)]
  0x00000272ba08b000 JavaThread "Unconstrained build operations Thread 15" [_thread_blocked, id=78376, stack(0x0000008fc8500000,0x0000008fc8600000)]
  0x00000272ba08d800 JavaThread "Unconstrained build operations Thread 16" [_thread_blocked, id=78384, stack(0x0000008fc8600000,0x0000008fc8700000)]
  0x00000272ba090000 JavaThread "Unconstrained build operations Thread 17" [_thread_blocked, id=78404, stack(0x0000008fc8700000,0x0000008fc8800000)]
  0x00000272ba091000 JavaThread "Unconstrained build operations Thread 18" [_thread_blocked, id=78336, stack(0x0000008fc8800000,0x0000008fc8900000)]
  0x00000272b89f9000 JavaThread "Unconstrained build operations Thread 19" [_thread_blocked, id=58508, stack(0x0000008fc8900000,0x0000008fc8a00000)]
  0x00000272b89fa000 JavaThread "Unconstrained build operations Thread 20" [_thread_blocked, id=78652, stack(0x0000008fc8a00000,0x0000008fc8b00000)]
  0x00000272b89fb000 JavaThread "Unconstrained build operations Thread 21" [_thread_blocked, id=78668, stack(0x0000008fc8b00000,0x0000008fc8c00000)]
  0x00000272b89ff800 JavaThread "Unconstrained build operations Thread 22" [_thread_blocked, id=57576, stack(0x0000008fc8c00000,0x0000008fc8d00000)]
  0x00000272b89fd000 JavaThread "Unconstrained build operations Thread 23" [_thread_blocked, id=78444, stack(0x0000008fc8d00000,0x0000008fc8e00000)]
  0x00000272b89fb800 JavaThread "Unconstrained build operations Thread 24" [_thread_blocked, id=78120, stack(0x0000008fc8e00000,0x0000008fc8f00000)]
  0x00000272b89fe000 JavaThread "Unconstrained build operations Thread 25" [_thread_blocked, id=60568, stack(0x0000008fc8f00000,0x0000008fc9000000)]
  0x00000272b89fc800 JavaThread "Unconstrained build operations Thread 26" [_thread_blocked, id=31620, stack(0x0000008fc9000000,0x0000008fc9100000)]
  0x00000272b89ff000 JavaThread "Unconstrained build operations Thread 27" [_thread_blocked, id=41764, stack(0x0000008fc9100000,0x0000008fc9200000)]
  0x00000272ba27c800 JavaThread "Unconstrained build operations Thread 28" [_thread_blocked, id=59752, stack(0x0000008fc9200000,0x0000008fc9300000)]
  0x00000272ba27d800 JavaThread "Unconstrained build operations Thread 29" [_thread_blocked, id=63132, stack(0x0000008fc9300000,0x0000008fc9400000)]
  0x00000272ba27b800 JavaThread "Unconstrained build operations Thread 30" [_thread_blocked, id=59496, stack(0x0000008fc9400000,0x0000008fc9500000)]
  0x00000272ba27e000 JavaThread "Unconstrained build operations Thread 31" [_thread_blocked, id=5484, stack(0x0000008fc9500000,0x0000008fc9600000)]
  0x00000272ba279000 JavaThread "Unconstrained build operations Thread 32" [_thread_blocked, id=75296, stack(0x0000008fc9600000,0x0000008fc9700000)]
  0x00000272ba278800 JavaThread "Unconstrained build operations Thread 33" [_thread_blocked, id=68304, stack(0x0000008fc9700000,0x0000008fc9800000)]
  0x00000272ba27f000 JavaThread "Unconstrained build operations Thread 34" [_thread_blocked, id=63620, stack(0x0000008fc9800000,0x0000008fc9900000)]
  0x00000272ba27a000 JavaThread "Unconstrained build operations Thread 35" [_thread_blocked, id=63432, stack(0x0000008fc9900000,0x0000008fc9a00000)]
  0x00000272ba27b000 JavaThread "Unconstrained build operations Thread 36" [_thread_blocked, id=65528, stack(0x0000008fc9a00000,0x0000008fc9b00000)]
  0x00000272ba8c3000 JavaThread "Unconstrained build operations Thread 37" [_thread_blocked, id=62012, stack(0x0000008fc9b00000,0x0000008fc9c00000)]
  0x00000272ba8c3800 JavaThread "Unconstrained build operations Thread 38" [_thread_blocked, id=77180, stack(0x0000008fc9c00000,0x0000008fc9d00000)]
  0x00000272ba8c4800 JavaThread "Unconstrained build operations Thread 39" [_thread_blocked, id=77716, stack(0x0000008fc9d00000,0x0000008fc9e00000)]
  0x00000272ba8c5800 JavaThread "Unconstrained build operations Thread 40" [_thread_blocked, id=41960, stack(0x0000008fc9e00000,0x0000008fc9f00000)]
  0x00000272ba8bf800 JavaThread "jar transforms Thread 4" [_thread_blocked, id=60104, stack(0x0000008fc9f00000,0x0000008fca000000)]
  0x00000272ba8c6000 JavaThread "Memory manager" [_thread_blocked, id=476, stack(0x0000008fca000000,0x0000008fca100000)]
  0x00000272ba8c1800 JavaThread "build event listener" [_thread_blocked, id=60208, stack(0x0000008fca100000,0x0000008fca200000)]
  0x00000272ba8c0800 JavaThread "Execution worker for ':'" [_thread_blocked, id=56496, stack(0x0000008fca200000,0x0000008fca300000)]
  0x00000272ba8c8800 JavaThread "Execution worker for ':' Thread 2" [_thread_blocked, id=64516, stack(0x0000008fca300000,0x0000008fca400000)]
  0x00000272ba8c9800 JavaThread "Execution worker for ':' Thread 3" [_thread_blocked, id=65996, stack(0x0000008fca400000,0x0000008fca500000)]
  0x00000272ba8c7000 JavaThread "Cache worker for execution history cache (D:\Android Projects\QuizZone\.gradle\7.3.3\executionHistory)" [_thread_blocked, id=45916, stack(0x0000008fca500000,0x0000008fca600000)]
  0x00000272ba8cd800 JavaThread "WorkerExecutor Queue Thread 2" [_thread_in_native, id=64276, stack(0x0000008fc6200000,0x0000008fc6300000)]
  0x00000272ba8ca000 JavaThread "WorkerExecutor Queue Thread 3" [_thread_blocked, id=58020, stack(0x0000008fca800000,0x0000008fca900000)]
  0x00000272ba8cb000 JavaThread "WorkerExecutor Queue Thread 4" [_thread_blocked, id=60120, stack(0x0000008fcaa00000,0x0000008fcab00000)]
  0x00000272ba8cc000 JavaThread "pool-3-thread-1" [_thread_blocked, id=46144, stack(0x0000008fcab00000,0x0000008fcac00000)]
  0x00000272ba8ce800 JavaThread "stderr" [_thread_in_native, id=56188, stack(0x0000008fca900000,0x0000008fcaa00000)]
  0x00000272b6fa7800 JavaThread "stdout" [_thread_in_native, id=66284, stack(0x0000008fcac00000,0x0000008fcad00000)]
  0x00000272bc2c3000 JavaThread "Cache worker for Java compile cache (C:\Users\hanan\.gradle\caches\7.3.3\javaCompile)" [_thread_blocked, id=55936, stack(0x0000008fc6400000,0x0000008fc6500000)]
  0x00000272bc2c0000 JavaThread "Build operations" [_thread_blocked, id=60388, stack(0x0000008fca700000,0x0000008fca800000)]
  0x00000272bc2c1800 JavaThread "Build operations Thread 2" [_thread_blocked, id=62904, stack(0x0000008fcad00000,0x0000008fcae00000)]
  0x00000272bc2c4000 JavaThread "Build operations Thread 3" [_thread_blocked, id=46964, stack(0x0000008fcae00000,0x0000008fcaf00000)]
  0x00000272bc2c5000 JavaThread "Build operations Thread 4" [_thread_blocked, id=60952, stack(0x0000008fcaf00000,0x0000008fcb000000)]
  0x00000272bc2c2800 JavaThread "WorkerExecutor Queue Thread 5" [_thread_blocked, id=69048, stack(0x0000008fca600000,0x0000008fca700000)]
  0x00000272be885800 JavaThread "C2 CompilerThread1" daemon [_thread_in_native, id=42596, stack(0x0000008fc4500000,0x0000008fc4600000)]

Other Threads:
  0x00000272b473d000 VMThread "VM Thread" [stack: 0x0000008fc4e00000,0x0000008fc4f00000] [id=32288]
  0x00000272b525a800 WatcherThread [stack: 0x0000008fc5800000,0x0000008fc5900000] [id=77776]
  0x0000027298c17800 GCTaskThread "GC Thread#0" [stack: 0x0000008fc4900000,0x0000008fc4a00000] [id=38060]
  0x00000272b5554000 GCTaskThread "GC Thread#1" [stack: 0x0000008fc5a00000,0x0000008fc5b00000] [id=2952]
  0x00000272b59ed000 GCTaskThread "GC Thread#2" [stack: 0x0000008fc5b00000,0x0000008fc5c00000] [id=49072]
  0x00000272b7a6e000 GCTaskThread "GC Thread#3" [stack: 0x0000008fc6600000,0x0000008fc6700000] [id=47740]
  0x0000027298c47000 ConcurrentGCThread "G1 Main Marker" [stack: 0x0000008fc4a00000,0x0000008fc4b00000] [id=3012]
  0x0000027298c49800 ConcurrentGCThread "G1 Conc#0" [stack: 0x0000008fc4b00000,0x0000008fc4c00000] [id=59728]
  0x0000027298cda800 ConcurrentGCThread "G1 Refine#0" [stack: 0x0000008fc4c00000,0x0000008fc4d00000] [id=60824]
  0x00000272b7cb7000 ConcurrentGCThread "G1 Refine#1" [stack: 0x0000008fc4600000,0x0000008fc4700000] [id=65892]
  0x00000272b7cb7800 ConcurrentGCThread "G1 Refine#2" [stack: 0x0000008fc4700000,0x0000008fc4800000] [id=40280]
  0x0000027298cdb800 ConcurrentGCThread "G1 Young RemSet Sampling" [stack: 0x0000008fc4d00000,0x0000008fc4e00000] [id=2128]

Threads with active compile tasks:
C2 CompilerThread0 178682 16938       4       com.android.tools.r8.internal.HD::a (278 bytes)
C2 CompilerThread1 178682 17630   !   4       java.nio.file.FileTreeWalker::next (144 bytes)

VM state:not at safepoint (normal execution)

VM Mutex/Monitor currently owned by a thread: None

Heap address: 0x0000000080000000, size: 2048 MB, Compressed Oops mode: 32-bit
Narrow klass base: 0x0000000000000000, Narrow klass shift: 3
Compressed class space size: 1073741824 Address: 0x0000000100000000

Heap:
 garbage-first heap   total 195584K, used 130833K [0x0000000080000000, 0x0000000100000000)
  region size 1024K, 18 young (18432K), 5 survivors (5120K)
 Metaspace       used 119574K, capacity 122610K, committed 123776K, reserved 1157120K
  class space    used 15132K, capacity 16314K, committed 16768K, reserved 1048576K
Heap Regions: E=young(eden), S=young(survivor), O=old, HS=humongous(starts), HC=humongous(continues), CS=collection set, F=free, A=archive, TAMS=top-at-mark-start (previous, next)
|   0|0x0000000080000000, 0x0000000080100000, 0x0000000080100000|100%| O|  |TAMS 0x0000000080100000, 0x0000000080000000| Complete 
|   1|0x0000000080100000, 0x0000000080200000, 0x0000000080200000|100%| O|  |TAMS 0x0000000080200000, 0x0000000080100000| Untracked 
|   2|0x0000000080200000, 0x0000000080300000, 0x0000000080300000|100%| O|  |TAMS 0x0000000080300000, 0x0000000080200000| Untracked 
|   3|0x0000000080300000, 0x0000000080400000, 0x0000000080400000|100%|HS|  |TAMS 0x0000000080400000, 0x0000000080300000| Complete 
|   4|0x0000000080400000, 0x0000000080500000, 0x0000000080500000|100%|HC|  |TAMS 0x0000000080500000, 0x0000000080400000| Complete 
|   5|0x0000000080500000, 0x0000000080600000, 0x0000000080600000|100%|HC|  |TAMS 0x0000000080600000, 0x0000000080500000| Complete 
|   6|0x0000000080600000, 0x0000000080700000, 0x0000000080700000|100%| O|  |TAMS 0x0000000080700000, 0x0000000080600000| Untracked 
|   7|0x0000000080700000, 0x0000000080800000, 0x0000000080800000|100%| O|  |TAMS 0x0000000080800000, 0x0000000080700000| Untracked 
|   8|0x0000000080800000, 0x0000000080900000, 0x0000000080900000|100%| O|  |TAMS 0x0000000080900000, 0x0000000080800000| Untracked 
|   9|0x0000000080900000, 0x0000000080a00000, 0x0000000080a00000|100%| O|  |TAMS 0x0000000080a00000, 0x0000000080900000| Untracked 
|  10|0x0000000080a00000, 0x0000000080b00000, 0x0000000080b00000|100%| O|  |TAMS 0x0000000080b00000, 0x0000000080a00000| Untracked 
|  11|0x0000000080b00000, 0x0000000080c00000, 0x0000000080c00000|100%| O|  |TAMS 0x0000000080c00000, 0x0000000080b00000| Untracked 
|  12|0x0000000080c00000, 0x0000000080d00000, 0x0000000080d00000|100%| O|  |TAMS 0x0000000080d00000, 0x0000000080c00000| Untracked 
|  13|0x0000000080d00000, 0x0000000080e00000, 0x0000000080e00000|100%| O|  |TAMS 0x0000000080e00000, 0x0000000080d00000| Untracked 
|  14|0x0000000080e00000, 0x0000000080f00000, 0x0000000080f00000|100%| O|  |TAMS 0x0000000080f00000, 0x0000000080e00000| Untracked 
|  15|0x0000000080f00000, 0x0000000081000000, 0x0000000081000000|100%| O|  |TAMS 0x0000000081000000, 0x0000000080f00000| Untracked 
|  16|0x0000000081000000, 0x0000000081100000, 0x0000000081100000|100%| O|  |TAMS 0x0000000081100000, 0x0000000081000000| Untracked 
|  17|0x0000000081100000, 0x0000000081200000, 0x0000000081200000|100%|HS|  |TAMS 0x0000000081200000, 0x0000000081100000| Complete 
|  18|0x0000000081200000, 0x0000000081300000, 0x0000000081300000|100%| O|  |TAMS 0x0000000081300000, 0x0000000081200000| Untracked 
|  19|0x0000000081300000, 0x0000000081400000, 0x0000000081400000|100%| O|  |TAMS 0x0000000081400000, 0x0000000081300000| Untracked 
|  20|0x0000000081400000, 0x0000000081500000, 0x0000000081500000|100%| O|  |TAMS 0x0000000081500000, 0x0000000081400000| Untracked 
|  21|0x0000000081500000, 0x0000000081600000, 0x0000000081600000|100%| O|  |TAMS 0x0000000081600000, 0x0000000081500000| Untracked 
|  22|0x0000000081600000, 0x0000000081700000, 0x0000000081700000|100%| O|  |TAMS 0x0000000081700000, 0x0000000081600000| Untracked 
|  23|0x0000000081700000, 0x0000000081800000, 0x0000000081800000|100%| O|  |TAMS 0x0000000081800000, 0x0000000081700000| Untracked 
|  24|0x0000000081800000, 0x0000000081900000, 0x0000000081900000|100%| O|  |TAMS 0x0000000081900000, 0x0000000081800000| Untracked 
|  25|0x0000000081900000, 0x0000000081a00000, 0x0000000081a00000|100%| O|  |TAMS 0x0000000081a00000, 0x0000000081900000| Untracked 
|  26|0x0000000081a00000, 0x0000000081b00000, 0x0000000081b00000|100%| O|  |TAMS 0x0000000081b00000, 0x0000000081a00000| Untracked 
|  27|0x0000000081b00000, 0x0000000081c00000, 0x0000000081c00000|100%| O|  |TAMS 0x0000000081c00000, 0x0000000081b00000| Untracked 
|  28|0x0000000081c00000, 0x0000000081d00000, 0x0000000081d00000|100%|HS|  |TAMS 0x0000000081d00000, 0x0000000081c00000| Complete 
|  29|0x0000000081d00000, 0x0000000081e00000, 0x0000000081e00000|100%|HS|  |TAMS 0x0000000081e00000, 0x0000000081d00000| Complete 
|  30|0x0000000081e00000, 0x0000000081f00000, 0x0000000081f00000|100%|HC|  |TAMS 0x0000000081f00000, 0x0000000081e00000| Complete 
|  31|0x0000000081f00000, 0x0000000082000000, 0x0000000082000000|100%| O|  |TAMS 0x0000000082000000, 0x0000000081f00000| Untracked 
|  32|0x0000000082000000, 0x0000000082100000, 0x0000000082100000|100%| O|  |TAMS 0x0000000082100000, 0x0000000082000000| Complete 
|  33|0x0000000082100000, 0x0000000082200000, 0x0000000082200000|100%| O|  |TAMS 0x0000000082200000, 0x0000000082100000| Untracked 
|  34|0x0000000082200000, 0x0000000082300000, 0x0000000082300000|100%| O|  |TAMS 0x0000000082300000, 0x0000000082200000| Untracked 
|  35|0x0000000082300000, 0x0000000082400000, 0x0000000082400000|100%| O|  |TAMS 0x0000000082400000, 0x0000000082300000| Untracked 
|  36|0x0000000082400000, 0x0000000082500000, 0x0000000082500000|100%| O|  |TAMS 0x0000000082500000, 0x0000000082400000| Untracked 
|  37|0x0000000082500000, 0x0000000082600000, 0x0000000082600000|100%| O|  |TAMS 0x0000000082600000, 0x0000000082500000| Untracked 
|  38|0x0000000082600000, 0x0000000082700000, 0x0000000082700000|100%| O|  |TAMS 0x0000000082700000, 0x0000000082600000| Untracked 
|  39|0x0000000082700000, 0x0000000082800000, 0x0000000082800000|100%| O|  |TAMS 0x0000000082800000, 0x0000000082700000| Untracked 
|  40|0x0000000082800000, 0x0000000082900000, 0x0000000082900000|100%| O|  |TAMS 0x0000000082900000, 0x0000000082800000| Untracked 
|  41|0x0000000082900000, 0x0000000082a00000, 0x0000000082a00000|100%| O|  |TAMS 0x0000000082a00000, 0x0000000082900000| Untracked 
|  42|0x0000000082a00000, 0x0000000082b00000, 0x0000000082b00000|100%| O|  |TAMS 0x0000000082b00000, 0x0000000082a00000| Untracked 
|  43|0x0000000082b00000, 0x0000000082c00000, 0x0000000082c00000|100%| O|  |TAMS 0x0000000082c00000, 0x0000000082b00000| Untracked 
|  44|0x0000000082c00000, 0x0000000082d00000, 0x0000000082d00000|100%| O|  |TAMS 0x0000000082d00000, 0x0000000082c00000| Complete 
|  45|0x0000000082d00000, 0x0000000082e00000, 0x0000000082e00000|100%| O|  |TAMS 0x0000000082e00000, 0x0000000082d00000| Untracked 
|  46|0x0000000082e00000, 0x0000000082f00000, 0x0000000082f00000|100%| O|  |TAMS 0x0000000082f00000, 0x0000000082e00000| Untracked 
|  47|0x0000000082f00000, 0x0000000083000000, 0x0000000083000000|100%| O|  |TAMS 0x0000000083000000, 0x0000000082f00000| Untracked 
|  48|0x0000000083000000, 0x0000000083100000, 0x0000000083100000|100%| O|  |TAMS 0x0000000083100000, 0x0000000083000000| Complete 
|  49|0x0000000083100000, 0x0000000083200000, 0x0000000083200000|100%| O|  |TAMS 0x0000000083200000, 0x0000000083100000| Untracked 
|  50|0x0000000083200000, 0x0000000083300000, 0x0000000083300000|100%| O|  |TAMS 0x0000000083300000, 0x0000000083200000| Complete 
|  51|0x0000000083300000, 0x0000000083400000, 0x0000000083400000|100%| O|  |TAMS 0x0000000083400000, 0x0000000083300000| Untracked 
|  52|0x0000000083400000, 0x0000000083500000, 0x0000000083500000|100%| O|  |TAMS 0x0000000083500000, 0x0000000083400000| Untracked 
|  53|0x0000000083500000, 0x0000000083600000, 0x0000000083600000|100%| O|  |TAMS 0x0000000083600000, 0x0000000083500000| Untracked 
|  54|0x0000000083600000, 0x0000000083700000, 0x0000000083700000|100%| O|  |TAMS 0x0000000083700000, 0x0000000083600000| Untracked 
|  55|0x0000000083700000, 0x0000000083800000, 0x0000000083800000|100%| O|  |TAMS 0x0000000083800000, 0x0000000083700000| Untracked 
|  56|0x0000000083800000, 0x0000000083900000, 0x0000000083900000|100%| O|  |TAMS 0x0000000083900000, 0x0000000083800000| Complete 
|  57|0x0000000083900000, 0x0000000083a00000, 0x0000000083a00000|100%| O|  |TAMS 0x0000000083a00000, 0x0000000083900000| Untracked 
|  58|0x0000000083a00000, 0x0000000083b00000, 0x0000000083b00000|100%| O|  |TAMS 0x0000000083b00000, 0x0000000083a00000| Untracked 
|  59|0x0000000083b00000, 0x0000000083c00000, 0x0000000083c00000|100%| O|  |TAMS 0x0000000083c00000, 0x0000000083b00000| Untracked 
|  60|0x0000000083c00000, 0x0000000083d00000, 0x0000000083d00000|100%| O|  |TAMS 0x0000000083d00000, 0x0000000083c00000| Untracked 
|  61|0x0000000083d00000, 0x0000000083e00000, 0x0000000083e00000|100%| O|  |TAMS 0x0000000083e00000, 0x0000000083d00000| Untracked 
|  62|0x0000000083e00000, 0x0000000083f00000, 0x0000000083f00000|100%| O|  |TAMS 0x0000000083f00000, 0x0000000083e00000| Untracked 
|  63|0x0000000083f00000, 0x0000000084000000, 0x0000000084000000|100%| O|  |TAMS 0x0000000084000000, 0x0000000083f00000| Untracked 
|  64|0x0000000084000000, 0x0000000084100000, 0x0000000084100000|100%| O|  |TAMS 0x0000000084100000, 0x0000000084000000| Complete 
|  65|0x0000000084100000, 0x0000000084200000, 0x0000000084200000|100%| O|  |TAMS 0x0000000084200000, 0x0000000084100000| Complete 
|  66|0x0000000084200000, 0x0000000084300000, 0x0000000084300000|100%| O|  |TAMS 0x0000000084300000, 0x0000000084200000| Complete 
|  67|0x0000000084300000, 0x0000000084400000, 0x0000000084400000|100%| O|  |TAMS 0x0000000084400000, 0x0000000084300000| Complete 
|  68|0x0000000084400000, 0x0000000084500000, 0x0000000084500000|100%| O|  |TAMS 0x0000000084500000, 0x0000000084400000| Untracked 
|  69|0x0000000084500000, 0x0000000084600000, 0x0000000084600000|100%| O|  |TAMS 0x0000000084600000, 0x0000000084500000| Untracked 
|  70|0x0000000084600000, 0x0000000084700000, 0x0000000084700000|100%| O|  |TAMS 0x0000000084700000, 0x0000000084600000| Complete 
|  71|0x0000000084700000, 0x0000000084800000, 0x0000000084800000|100%| O|  |TAMS 0x0000000084800000, 0x0000000084700000| Untracked 
|  72|0x0000000084800000, 0x0000000084900000, 0x0000000084900000|100%| O|  |TAMS 0x0000000084900000, 0x0000000084800000| Untracked 
|  73|0x0000000084900000, 0x0000000084a00000, 0x0000000084a00000|100%| O|  |TAMS 0x0000000084a00000, 0x0000000084900000| Complete 
|  74|0x0000000084a00000, 0x0000000084b00000, 0x0000000084b00000|100%| O|  |TAMS 0x0000000084b00000, 0x0000000084a00000| Untracked 
|  75|0x0000000084b00000, 0x0000000084c00000, 0x0000000084c00000|100%| O|  |TAMS 0x0000000084c00000, 0x0000000084b00000| Complete 
|  76|0x0000000084c00000, 0x0000000084d00000, 0x0000000084d00000|100%| O|  |TAMS 0x0000000084d00000, 0x0000000084c00000| Untracked 
|  77|0x0000000084d00000, 0x0000000084e00000, 0x0000000084e00000|100%| O|  |TAMS 0x0000000084e00000, 0x0000000084d00000| Untracked 
|  78|0x0000000084e00000, 0x0000000084f00000, 0x0000000084f00000|100%| O|  |TAMS 0x0000000084f00000, 0x0000000084e00000| Untracked 
|  79|0x0000000084f00000, 0x0000000085000000, 0x0000000085000000|100%| O|  |TAMS 0x0000000085000000, 0x0000000084f00000| Untracked 
|  80|0x0000000085000000, 0x0000000085100000, 0x0000000085100000|100%| O|  |TAMS 0x0000000085100000, 0x0000000085000000| Complete 
|  81|0x0000000085100000, 0x0000000085200000, 0x0000000085200000|100%| O|  |TAMS 0x0000000085200000, 0x0000000085100000| Untracked 
|  82|0x0000000085200000, 0x0000000085300000, 0x0000000085300000|100%| O|  |TAMS 0x0000000085300000, 0x0000000085200000| Complete 
|  83|0x0000000085300000, 0x0000000085400000, 0x0000000085400000|100%| O|  |TAMS 0x0000000085400000, 0x0000000085300000| Untracked 
|  84|0x0000000085400000, 0x0000000085500000, 0x0000000085500000|100%| O|  |TAMS 0x0000000085500000, 0x0000000085400000| Untracked 
|  85|0x0000000085500000, 0x0000000085600000, 0x0000000085600000|100%| O|  |TAMS 0x0000000085600000, 0x0000000085500000| Untracked 
|  86|0x0000000085600000, 0x0000000085700000, 0x0000000085700000|100%| O|  |TAMS 0x0000000085700000, 0x0000000085600000| Untracked 
|  87|0x0000000085700000, 0x0000000085800000, 0x0000000085800000|100%| O|  |TAMS 0x0000000085800000, 0x0000000085700000| Untracked 
|  88|0x0000000085800000, 0x0000000085900000, 0x0000000085900000|100%| O|  |TAMS 0x0000000085900000, 0x0000000085800000| Complete 
|  89|0x0000000085900000, 0x0000000085a00000, 0x0000000085a00000|100%| O|  |TAMS 0x0000000085a00000, 0x0000000085900000| Complete 
|  90|0x0000000085a00000, 0x0000000085b00000, 0x0000000085b00000|100%| O|  |TAMS 0x0000000085b00000, 0x0000000085a00000| Untracked 
|  91|0x0000000085b00000, 0x0000000085c00000, 0x0000000085c00000|100%| O|  |TAMS 0x0000000085c00000, 0x0000000085b00000| Complete 
|  92|0x0000000085c00000, 0x0000000085d00000, 0x0000000085d00000|100%|HS|  |TAMS 0x0000000085c00000, 0x0000000085c00000| Complete 
|  93|0x0000000085d00000, 0x0000000085e00000, 0x0000000085e00000|100%| O|  |TAMS 0x0000000085e00000, 0x0000000085d00000| Untracked 
|  94|0x0000000085e00000, 0x0000000085f00000, 0x0000000085f00000|100%| O|  |TAMS 0x0000000085f00000, 0x0000000085e00000| Complete 
|  95|0x0000000085f00000, 0x0000000086000000, 0x0000000086000000|100%| O|  |TAMS 0x0000000086000000, 0x0000000085f00000| Complete 
|  96|0x0000000086000000, 0x0000000086100000, 0x0000000086100000|100%| O|  |TAMS 0x0000000086100000, 0x0000000086000000| Complete 
|  97|0x0000000086100000, 0x0000000086200000, 0x0000000086200000|100%| O|  |TAMS 0x0000000086200000, 0x0000000086100000| Complete 
|  98|0x0000000086200000, 0x0000000086300000, 0x0000000086300000|100%| O|  |TAMS 0x0000000086300000, 0x0000000086200000| Complete 
|  99|0x0000000086300000, 0x0000000086400000, 0x0000000086400000|100%| O|  |TAMS 0x0000000086400000, 0x0000000086300000| Untracked 
| 100|0x0000000086400000, 0x0000000086500000, 0x0000000086500000|100%| O|  |TAMS 0x0000000086500000, 0x0000000086400000| Complete 
| 101|0x0000000086500000, 0x0000000086600000, 0x0000000086600000|100%| O|  |TAMS 0x0000000086600000, 0x0000000086500000| Complete 
| 102|0x0000000086600000, 0x0000000086700000, 0x0000000086700000|100%| O|  |TAMS 0x0000000086700000, 0x0000000086600000| Complete 
| 103|0x0000000086700000, 0x0000000086800000, 0x0000000086800000|100%| O|  |TAMS 0x0000000086800000, 0x0000000086700000| Complete 
| 104|0x0000000086800000, 0x0000000086800000, 0x0000000086900000|  0%| F|  |TAMS 0x0000000086800000, 0x0000000086800000| Untracked 
| 105|0x0000000086900000, 0x0000000086900000, 0x0000000086a00000|  0%| F|  |TAMS 0x0000000086900000, 0x0000000086900000| Untracked 
| 106|0x0000000086a00000, 0x0000000086a00000, 0x0000000086b00000|  0%| F|  |TAMS 0x0000000086a00000, 0x0000000086a00000| Untracked 
| 107|0x0000000086b00000, 0x0000000086b00000, 0x0000000086c00000|  0%| F|  |TAMS 0x0000000086b00000, 0x0000000086b00000| Untracked 
| 108|0x0000000086c00000, 0x0000000086c00000, 0x0000000086d00000|  0%| F|  |TAMS 0x0000000086c00000, 0x0000000086c00000| Untracked 
| 109|0x0000000086d00000, 0x0000000086d00000, 0x0000000086e00000|  0%| F|  |TAMS 0x0000000086d00000, 0x0000000086d00000| Untracked 
| 110|0x0000000086e00000, 0x0000000086f00000, 0x0000000086f00000|100%| O|  |TAMS 0x0000000086f00000, 0x0000000086e00000| Untracked 
| 111|0x0000000086f00000, 0x0000000087000000, 0x0000000087000000|100%| O|  |TAMS 0x0000000087000000, 0x0000000086f00000| Complete 
| 112|0x0000000087000000, 0x0000000087100000, 0x0000000087100000|100%| O|  |TAMS 0x0000000087100000, 0x0000000087000000| Complete 
| 113|0x0000000087100000, 0x0000000087200000, 0x0000000087200000|100%| O|  |TAMS 0x0000000087200000, 0x0000000087100000| Untracked 
| 114|0x0000000087200000, 0x0000000087200000, 0x0000000087300000|  0%| F|  |TAMS 0x0000000087200000, 0x0000000087200000| Untracked 
| 115|0x0000000087300000, 0x0000000087300000, 0x0000000087400000|  0%| F|  |TAMS 0x0000000087300000, 0x0000000087300000| Untracked 
| 116|0x0000000087400000, 0x00000000874a4400, 0x0000000087500000| 64%| O|  |TAMS 0x00000000874a4400, 0x0000000087400000| Untracked 
| 117|0x0000000087500000, 0x0000000087500000, 0x0000000087600000|  0%| F|  |TAMS 0x0000000087500000, 0x0000000087500000| Untracked 
| 118|0x0000000087600000, 0x0000000087600000, 0x0000000087700000|  0%| F|  |TAMS 0x0000000087600000, 0x0000000087600000| Untracked 
| 119|0x0000000087700000, 0x0000000087700000, 0x0000000087800000|  0%| F|  |TAMS 0x0000000087700000, 0x0000000087700000| Untracked 
| 120|0x0000000087800000, 0x0000000087900000, 0x0000000087900000|100%| O|  |TAMS 0x0000000087900000, 0x0000000087800000| Complete 
| 121|0x0000000087900000, 0x0000000087a00000, 0x0000000087a00000|100%| O|  |TAMS 0x0000000087a00000, 0x0000000087900000| Complete 
| 122|0x0000000087a00000, 0x0000000087b00000, 0x0000000087b00000|100%| O|  |TAMS 0x0000000087b00000, 0x0000000087a00000| Complete 
| 123|0x0000000087b00000, 0x0000000087b00000, 0x0000000087c00000|  0%| F|  |TAMS 0x0000000087b00000, 0x0000000087b00000| Untracked 
| 124|0x0000000087c00000, 0x0000000087c00000, 0x0000000087d00000|  0%| F|  |TAMS 0x0000000087c00000, 0x0000000087c00000| Untracked 
| 125|0x0000000087d00000, 0x0000000087d00000, 0x0000000087e00000|  0%| F|  |TAMS 0x0000000087d00000, 0x0000000087d00000| Untracked 
| 126|0x0000000087e00000, 0x0000000087e00000, 0x0000000087f00000|  0%| F|  |TAMS 0x0000000087e00000, 0x0000000087e00000| Untracked 
| 127|0x0000000087f00000, 0x0000000087f00000, 0x0000000088000000|  0%| F|  |TAMS 0x0000000087f00000, 0x0000000087f00000| Untracked 
| 128|0x0000000088000000, 0x0000000088000000, 0x0000000088100000|  0%| F|  |TAMS 0x0000000088000000, 0x0000000088000000| Untracked 
| 129|0x0000000088100000, 0x0000000088100000, 0x0000000088200000|  0%| F|  |TAMS 0x0000000088100000, 0x0000000088100000| Untracked 
| 130|0x0000000088200000, 0x0000000088200000, 0x0000000088300000|  0%| F|  |TAMS 0x0000000088200000, 0x0000000088200000| Untracked 
| 131|0x0000000088300000, 0x0000000088300000, 0x0000000088400000|  0%| F|  |TAMS 0x0000000088300000, 0x0000000088300000| Untracked 
| 132|0x0000000088400000, 0x0000000088400000, 0x0000000088500000|  0%| F|  |TAMS 0x0000000088400000, 0x0000000088400000| Untracked 
| 133|0x0000000088500000, 0x0000000088500000, 0x0000000088600000|  0%| F|  |TAMS 0x0000000088500000, 0x0000000088500000| Untracked 
| 134|0x0000000088600000, 0x0000000088600000, 0x0000000088700000|  0%| F|  |TAMS 0x0000000088600000, 0x0000000088600000| Untracked 
| 135|0x0000000088700000, 0x0000000088700000, 0x0000000088800000|  0%| F|  |TAMS 0x0000000088700000, 0x0000000088700000| Untracked 
| 136|0x0000000088800000, 0x0000000088800000, 0x0000000088900000|  0%| F|  |TAMS 0x0000000088800000, 0x0000000088800000| Untracked 
| 137|0x0000000088900000, 0x0000000088900000, 0x0000000088a00000|  0%| F|  |TAMS 0x0000000088900000, 0x0000000088900000| Untracked 
| 138|0x0000000088a00000, 0x0000000088a00000, 0x0000000088b00000|  0%| F|  |TAMS 0x0000000088a00000, 0x0000000088a00000| Untracked 
| 139|0x0000000088b00000, 0x0000000088b00000, 0x0000000088c00000|  0%| F|  |TAMS 0x0000000088b00000, 0x0000000088b00000| Untracked 
| 140|0x0000000088c00000, 0x0000000088c00000, 0x0000000088d00000|  0%| F|  |TAMS 0x0000000088c00000, 0x0000000088c00000| Untracked 
| 141|0x0000000088d00000, 0x0000000088d00000, 0x0000000088e00000|  0%| F|  |TAMS 0x0000000088d00000, 0x0000000088d00000| Untracked 
| 142|0x0000000088e00000, 0x0000000088e00000, 0x0000000088f00000|  0%| F|  |TAMS 0x0000000088e00000, 0x0000000088e00000| Untracked 
| 143|0x0000000088f00000, 0x0000000088f00000, 0x0000000089000000|  0%| F|  |TAMS 0x0000000088f00000, 0x0000000088f00000| Untracked 
| 144|0x0000000089000000, 0x0000000089000000, 0x0000000089100000|  0%| F|  |TAMS 0x0000000089000000, 0x0000000089000000| Untracked 
| 145|0x0000000089100000, 0x0000000089100000, 0x0000000089200000|  0%| F|  |TAMS 0x0000000089100000, 0x0000000089100000| Untracked 
| 146|0x0000000089200000, 0x0000000089200000, 0x0000000089300000|  0%| F|  |TAMS 0x0000000089200000, 0x0000000089200000| Untracked 
| 147|0x0000000089300000, 0x0000000089300000, 0x0000000089400000|  0%| F|  |TAMS 0x0000000089300000, 0x0000000089300000| Untracked 
| 148|0x0000000089400000, 0x0000000089400000, 0x0000000089500000|  0%| F|  |TAMS 0x0000000089400000, 0x0000000089400000| Untracked 
| 149|0x0000000089500000, 0x0000000089500000, 0x0000000089600000|  0%| F|  |TAMS 0x0000000089500000, 0x0000000089500000| Untracked 
| 150|0x0000000089600000, 0x0000000089600000, 0x0000000089700000|  0%| F|  |TAMS 0x0000000089600000, 0x0000000089600000| Untracked 
| 151|0x0000000089700000, 0x0000000089720010, 0x0000000089800000| 12%| S|CS|TAMS 0x0000000089700000, 0x0000000089700000| Complete 
| 152|0x0000000089800000, 0x0000000089900000, 0x0000000089900000|100%| S|CS|TAMS 0x0000000089800000, 0x0000000089800000| Complete 
| 153|0x0000000089900000, 0x0000000089a00000, 0x0000000089a00000|100%| S|CS|TAMS 0x0000000089900000, 0x0000000089900000| Complete 
| 154|0x0000000089a00000, 0x0000000089b00000, 0x0000000089b00000|100%| S|CS|TAMS 0x0000000089a00000, 0x0000000089a00000| Complete 
| 155|0x0000000089b00000, 0x0000000089c00000, 0x0000000089c00000|100%| S|CS|TAMS 0x0000000089b00000, 0x0000000089b00000| Complete 
| 156|0x0000000089c00000, 0x0000000089c00000, 0x0000000089d00000|  0%| F|  |TAMS 0x0000000089c00000, 0x0000000089c00000| Untracked 
| 157|0x0000000089d00000, 0x0000000089d00000, 0x0000000089e00000|  0%| F|  |TAMS 0x0000000089d00000, 0x0000000089d00000| Untracked 
| 158|0x0000000089e00000, 0x0000000089e00000, 0x0000000089f00000|  0%| F|  |TAMS 0x0000000089e00000, 0x0000000089e00000| Untracked 
| 159|0x0000000089f00000, 0x0000000089f00000, 0x000000008a000000|  0%| F|  |TAMS 0x0000000089f00000, 0x0000000089f00000| Untracked 
| 160|0x000000008a000000, 0x000000008a000000, 0x000000008a100000|  0%| F|  |TAMS 0x000000008a000000, 0x000000008a000000| Untracked 
| 161|0x000000008a100000, 0x000000008a100000, 0x000000008a200000|  0%| F|  |TAMS 0x000000008a100000, 0x000000008a100000| Untracked 
| 162|0x000000008a200000, 0x000000008a200000, 0x000000008a300000|  0%| F|  |TAMS 0x000000008a200000, 0x000000008a200000| Untracked 
| 163|0x000000008a300000, 0x000000008a300000, 0x000000008a400000|  0%| F|  |TAMS 0x000000008a300000, 0x000000008a300000| Untracked 
| 164|0x000000008a400000, 0x000000008a400000, 0x000000008a500000|  0%| F|  |TAMS 0x000000008a400000, 0x000000008a400000| Untracked 
| 165|0x000000008a500000, 0x000000008a500000, 0x000000008a600000|  0%| F|  |TAMS 0x000000008a500000, 0x000000008a500000| Untracked 
| 166|0x000000008a600000, 0x000000008a600000, 0x000000008a700000|  0%| F|  |TAMS 0x000000008a600000, 0x000000008a600000| Untracked 
| 167|0x000000008a700000, 0x000000008a700000, 0x000000008a800000|  0%| F|  |TAMS 0x000000008a700000, 0x000000008a700000| Untracked 
| 168|0x000000008a800000, 0x000000008a800000, 0x000000008a900000|  0%| F|  |TAMS 0x000000008a800000, 0x000000008a800000| Untracked 
| 169|0x000000008a900000, 0x000000008a900000, 0x000000008aa00000|  0%| F|  |TAMS 0x000000008a900000, 0x000000008a900000| Untracked 
| 170|0x000000008aa00000, 0x000000008aa00000, 0x000000008ab00000|  0%| F|  |TAMS 0x000000008aa00000, 0x000000008aa00000| Untracked 
| 171|0x000000008ab00000, 0x000000008ab00000, 0x000000008ac00000|  0%| F|  |TAMS 0x000000008ab00000, 0x000000008ab00000| Untracked 
| 172|0x000000008ac00000, 0x000000008ac00000, 0x000000008ad00000|  0%| F|  |TAMS 0x000000008ac00000, 0x000000008ac00000| Untracked 
| 173|0x000000008ad00000, 0x000000008ad00000, 0x000000008ae00000|  0%| F|  |TAMS 0x000000008ad00000, 0x000000008ad00000| Untracked 
| 174|0x000000008ae00000, 0x000000008ae00000, 0x000000008af00000|  0%| F|  |TAMS 0x000000008ae00000, 0x000000008ae00000| Untracked 
| 175|0x000000008af00000, 0x000000008af00000, 0x000000008b000000|  0%| F|  |TAMS 0x000000008af00000, 0x000000008af00000| Untracked 
| 176|0x000000008b000000, 0x000000008b000000, 0x000000008b100000|  0%| F|  |TAMS 0x000000008b000000, 0x000000008b000000| Untracked 
| 177|0x000000008b100000, 0x000000008b1a9b68, 0x000000008b200000| 66%| E|  |TAMS 0x000000008b100000, 0x000000008b100000| Complete 
| 178|0x000000008b200000, 0x000000008b300000, 0x000000008b300000|100%| E|CS|TAMS 0x000000008b200000, 0x000000008b200000| Complete 
| 179|0x000000008b300000, 0x000000008b400000, 0x000000008b400000|100%| E|CS|TAMS 0x000000008b300000, 0x000000008b300000| Complete 
| 180|0x000000008b400000, 0x000000008b500000, 0x000000008b500000|100%| E|  |TAMS 0x000000008b400000, 0x000000008b400000| Complete 
| 181|0x000000008b500000, 0x000000008b600000, 0x000000008b600000|100%| E|CS|TAMS 0x000000008b500000, 0x000000008b500000| Complete 
| 182|0x000000008b600000, 0x000000008b700000, 0x000000008b700000|100%| E|CS|TAMS 0x000000008b600000, 0x000000008b600000| Complete 
| 183|0x000000008b700000, 0x000000008b800000, 0x000000008b800000|100%| E|CS|TAMS 0x000000008b700000, 0x000000008b700000| Complete 
| 184|0x000000008b800000, 0x000000008b900000, 0x000000008b900000|100%| E|CS|TAMS 0x000000008b800000, 0x000000008b800000| Complete 
| 185|0x000000008b900000, 0x000000008ba00000, 0x000000008ba00000|100%| E|CS|TAMS 0x000000008b900000, 0x000000008b900000| Complete 
| 186|0x000000008ba00000, 0x000000008bb00000, 0x000000008bb00000|100%| E|CS|TAMS 0x000000008ba00000, 0x000000008ba00000| Complete 
| 187|0x000000008bb00000, 0x000000008bc00000, 0x000000008bc00000|100%| E|CS|TAMS 0x000000008bb00000, 0x000000008bb00000| Complete 
| 188|0x000000008bc00000, 0x000000008bd00000, 0x000000008bd00000|100%| E|CS|TAMS 0x000000008bc00000, 0x000000008bc00000| Complete 
| 189|0x000000008bd00000, 0x000000008be00000, 0x000000008be00000|100%| E|CS|TAMS 0x000000008bd00000, 0x000000008bd00000| Complete 
| 190|0x000000008be00000, 0x000000008bf00000, 0x000000008bf00000|100%| O|  |TAMS 0x000000008bf00000, 0x000000008be00000| Complete 

Card table byte_map: [0x00000272ad900000,0x00000272add00000] _byte_map_base: 0x00000272ad500000

Marking Bits (Prev, Next): (CMBitMap*) 0x0000027298c3e448, (CMBitMap*) 0x0000027298c3e480
 Prev Bits: [0x00000272ae100000, 0x00000272b0100000)
 Next Bits: [0x00000272b0100000, 0x00000272b2100000)

Polling page: 0x0000027298a00000

Metaspace:

Usage:
  Non-class:    103.80 MB capacity,   101.99 MB ( 98%) used,     1.44 MB (  1%) free+waste,   384.38 KB ( <1%) overhead. 
      Class:     15.93 MB capacity,    14.78 MB ( 93%) used,  1009.33 KB (  6%) free+waste,   171.81 KB (  1%) overhead. 
       Both:    119.74 MB capacity,   116.77 MB ( 98%) used,     2.42 MB (  2%) free+waste,   556.19 KB ( <1%) overhead. 

Virtual space:
  Non-class space:      106.00 MB reserved,     104.50 MB ( 99%) committed 
      Class space:        1.00 GB reserved,      16.38 MB (  2%) committed 
             Both:        1.10 GB reserved,     120.88 MB ( 11%) committed 

Chunk freelists:
   Non-Class:  584.00 KB
       Class:  363.00 KB
        Both:  947.00 KB

MaxMetaspaceSize: 17179869184.00 GB
CompressedClassSpaceSize: 1.00 GB
Initial GC threshold: 20.80 MB
Current GC threshold: 201.46 MB
CDS: off

CodeHeap 'non-profiled nmethods': size=120064Kb used=11021Kb max_used=11021Kb free=109042Kb
 bounds [0x00000272a5990000, 0x00000272a6460000, 0x00000272aced0000]
CodeHeap 'profiled nmethods': size=120000Kb used=36035Kb max_used=36035Kb free=83964Kb
 bounds [0x000002729e460000, 0x00000272a07a0000, 0x00000272a5990000]
CodeHeap 'non-nmethods': size=5696Kb used=2445Kb max_used=2482Kb free=3250Kb
 bounds [0x000002729ded0000, 0x000002729e150000, 0x000002729e460000]
 total_blobs=17659 nmethods=16684 adapters=886
 compilation: enabled
              stopped_count=0, restarted_count=0
 full_count=0

Compilation events (20 events):
Event: 176.091 Thread 0x00000272b4770000 nmethod 16928 0x00000272a0656f90 code [0x00000272a0657140, 0x00000272a0657238]
Event: 176.091 Thread 0x00000272b4770000 16987       1       com.android.tools.r8.graph.J::H0 (5 bytes)
Event: 176.091 Thread 0x00000272b4770000 nmethod 16987 0x00000272a5b7e190 code [0x00000272a5b7e340, 0x00000272a5b7e3f8]
Event: 176.091 Thread 0x00000272b4770000 16994   !   3       com.android.tools.r8.graph.l::a (1381 bytes)
Event: 176.111 Thread 0x00000272b4770000 nmethod 16994 0x00000272a0657310 code [0x00000272a0658500, 0x00000272a06653e8]
Event: 176.111 Thread 0x00000272b4770000 16988       1       com.android.tools.r8.graph.J::a (6 bytes)
Event: 176.111 Thread 0x00000272b4770000 nmethod 16988 0x00000272a5b7de90 code [0x00000272a5b7e040, 0x00000272a5b7e138]
Event: 176.146 Thread 0x00000272be885800 nmethod 16968 0x00000272a5abcf90 code [0x00000272a5abd260, 0x00000272a5abf1d0]
Event: 176.146 Thread 0x00000272be885800 16972       4       com.android.tools.r8.graph.D1::b (4 bytes)
Event: 176.146 Thread 0x00000272be885800 nmethod 16972 0x00000272a5b7db90 code [0x00000272a5b7dd20, 0x00000272a5b7dd78]
Event: 176.146 Thread 0x00000272be885800 16975       4       com.android.tools.r8.internal.MJ::b (28 bytes)
Event: 176.147 Thread 0x00000272be885800 nmethod 16975 0x00000272a5b7d790 code [0x00000272a5b7d920, 0x00000272a5b7d998]
Event: 176.147 Thread 0x00000272be885800 16989       4       java.util.Arrays$ArrayList::iterator (12 bytes)
Event: 176.148 Thread 0x00000272be885800 nmethod 16989 0x00000272a5abcc10 code [0x00000272a5abcda0, 0x00000272a5abcef8]
Event: 176.148 Thread 0x00000272be885800 16973       4       com.android.tools.r8.internal.YJ::b (4 bytes)
Event: 176.148 Thread 0x00000272be885800 nmethod 16973 0x00000272a5abc910 code [0x00000272a5abcaa0, 0x00000272a5abcaf8]
Event: 176.148 Thread 0x00000272be885800 16993       4       com.android.tools.r8.internal.J6::f (2 bytes)
Event: 176.148 Thread 0x00000272be885800 nmethod 16993 0x00000272a5abc610 code [0x00000272a5abc7a0, 0x00000272a5abc7f8]
Event: 176.148 Thread 0x00000272be885800 16961       4       com.android.tools.r8.internal.f7::a (1 bytes)
Event: 176.148 Thread 0x00000272be885800 nmethod 16961 0x00000272a5abc310 code [0x00000272a5abc4a0, 0x00000272a5abc4f8]

GC Heap History (20 events):
Event: 154.865 GC heap before
{Heap before GC invocations=31 (full 0):
 garbage-first heap   total 195584K, used 153711K [0x0000000080000000, 0x0000000100000000)
  region size 1024K, 56 young (57344K), 2 survivors (2048K)
 Metaspace       used 102162K, capacity 104492K, committed 104576K, reserved 1140736K
  class space    used 13064K, capacity 13921K, committed 13952K, reserved 1048576K
}
Event: 154.887 GC heap after
{Heap after GC invocations=32 (full 0):
 garbage-first heap   total 195584K, used 107379K [0x0000000080000000, 0x0000000100000000)
  region size 1024K, 7 young (7168K), 7 survivors (7168K)
 Metaspace       used 102162K, capacity 104492K, committed 104576K, reserved 1140736K
  class space    used 13064K, capacity 13921K, committed 13952K, reserved 1048576K
}
Event: 155.488 GC heap before
{Heap before GC invocations=32 (full 0):
 garbage-first heap   total 195584K, used 114547K [0x0000000080000000, 0x0000000100000000)
  region size 1024K, 16 young (16384K), 7 survivors (7168K)
 Metaspace       used 104165K, capacity 106579K, committed 106880K, reserved 1142784K
  class space    used 13286K, capacity 14151K, committed 14208K, reserved 1048576K
}
Event: 155.515 GC heap after
{Heap after GC invocations=33 (full 0):
 garbage-first heap   total 195584K, used 109467K [0x0000000080000000, 0x0000000100000000)
  region size 1024K, 2 young (2048K), 2 survivors (2048K)
 Metaspace       used 104165K, capacity 106579K, committed 106880K, reserved 1142784K
  class space    used 13286K, capacity 14151K, committed 14208K, reserved 1048576K
}
Event: 165.677 GC heap before
{Heap before GC invocations=34 (full 0):
 garbage-first heap   total 195584K, used 144283K [0x0000000080000000, 0x0000000100000000)
  region size 1024K, 34 young (34816K), 2 survivors (2048K)
 Metaspace       used 104634K, capacity 107112K, committed 107136K, reserved 1142784K
  class space    used 13327K, capacity 14199K, committed 14208K, reserved 1048576K
}
Event: 165.691 GC heap after
{Heap after GC invocations=35 (full 0):
 garbage-first heap   total 195584K, used 119808K [0x0000000080000000, 0x0000000100000000)
  region size 1024K, 5 young (5120K), 5 survivors (5120K)
 Metaspace       used 104634K, capacity 107112K, committed 107136K, reserved 1142784K
  class space    used 13327K, capacity 14199K, committed 14208K, reserved 1048576K
}
Event: 166.096 GC heap before
{Heap before GC invocations=35 (full 0):
 garbage-first heap   total 195584K, used 122880K [0x0000000080000000, 0x0000000100000000)
  region size 1024K, 9 young (9216K), 5 survivors (5120K)
 Metaspace       used 104800K, capacity 107282K, committed 107520K, reserved 1142784K
  class space    used 13337K, capacity 14212K, committed 14336K, reserved 1048576K
}
Event: 166.109 GC heap after
{Heap after GC invocations=36 (full 0):
 garbage-first heap   total 195584K, used 119099K [0x0000000080000000, 0x0000000100000000)
  region size 1024K, 2 young (2048K), 2 survivors (2048K)
 Metaspace       used 104800K, capacity 107282K, committed 107520K, reserved 1142784K
  class space    used 13337K, capacity 14212K, committed 14336K, reserved 1048576K
}
Event: 167.737 GC heap before
{Heap before GC invocations=36 (full 0):
 garbage-first heap   total 195584K, used 147771K [0x0000000080000000, 0x0000000100000000)
  region size 1024K, 30 young (30720K), 2 survivors (2048K)
 Metaspace       used 106865K, capacity 109380K, committed 109440K, reserved 1144832K
  class space    used 13513K, capacity 14437K, committed 14464K, reserved 1048576K
}
Event: 167.748 GC heap after
{Heap after GC invocations=37 (full 0):
 garbage-first heap   total 195584K, used 122880K [0x0000000080000000, 0x0000000100000000)
  region size 1024K, 4 young (4096K), 4 survivors (4096K)
 Metaspace       used 106865K, capacity 109380K, committed 109440K, reserved 1144832K
  class space    used 13513K, capacity 14437K, committed 14464K, reserved 1048576K
}
Event: 172.737 GC heap before
{Heap before GC invocations=38 (full 0):
 garbage-first heap   total 195584K, used 153600K [0x0000000080000000, 0x0000000100000000)
  region size 1024K, 33 young (33792K), 4 survivors (4096K)
 Metaspace       used 109441K, capacity 112067K, committed 112128K, reserved 1146880K
  class space    used 13862K, capacity 14812K, committed 14848K, reserved 1048576K
}
Event: 172.749 GC heap after
{Heap after GC invocations=39 (full 0):
 garbage-first heap   total 195584K, used 124560K [0x0000000080000000, 0x0000000100000000)
  region size 1024K, 3 young (3072K), 3 survivors (3072K)
 Metaspace       used 109441K, capacity 112067K, committed 112128K, reserved 1146880K
  class space    used 13862K, capacity 14812K, committed 14848K, reserved 1048576K
}
Event: 173.140 GC heap before
{Heap before GC invocations=39 (full 0):
 garbage-first heap   total 195584K, used 129680K [0x0000000080000000, 0x0000000100000000)
  region size 1024K, 9 young (9216K), 3 survivors (3072K)
 Metaspace       used 110712K, capacity 113361K, committed 113664K, reserved 1148928K
  class space    used 14037K, capacity 15037K, committed 15104K, reserved 1048576K
}
Event: 173.164 GC heap after
{Heap after GC invocations=40 (full 0):
 garbage-first heap   total 195584K, used 119389K [0x0000000080000000, 0x0000000100000000)
  region size 1024K, 1 young (1024K), 1 survivors (1024K)
 Metaspace       used 110712K, capacity 113361K, committed 113664K, reserved 1148928K
  class space    used 14037K, capacity 15037K, committed 15104K, reserved 1048576K
}
Event: 174.407 GC heap before
{Heap before GC invocations=40 (full 0):
 garbage-first heap   total 195584K, used 151133K [0x0000000080000000, 0x0000000100000000)
  region size 1024K, 33 young (33792K), 1 survivors (1024K)
 Metaspace       used 114364K, capacity 117366K, committed 117504K, reserved 1150976K
  class space    used 14645K, capacity 15820K, committed 15872K, reserved 1048576K
}
Event: 174.427 GC heap after
{Heap after GC invocations=41 (full 0):
 garbage-first heap   total 195584K, used 125952K [0x0000000080000000, 0x0000000100000000)
  region size 1024K, 5 young (5120K), 5 survivors (5120K)
 Metaspace       used 114364K, capacity 117366K, committed 117504K, reserved 1150976K
  class space    used 14645K, capacity 15820K, committed 15872K, reserved 1048576K
}
Event: 175.611 GC heap before
{Heap before GC invocations=42 (full 0):
 garbage-first heap   total 195584K, used 154624K [0x0000000080000000, 0x0000000100000000)
  region size 1024K, 34 young (34816K), 5 survivors (5120K)
 Metaspace       used 117561K, capacity 120687K, committed 120832K, reserved 1153024K
  class space    used 15057K, capacity 16262K, committed 16384K, reserved 1048576K
}
Event: 175.632 GC heap after
{Heap after GC invocations=43 (full 0):
 garbage-first heap   total 195584K, used 127665K [0x0000000080000000, 0x0000000100000000)
  region size 1024K, 3 young (3072K), 3 survivors (3072K)
 Metaspace       used 117561K, capacity 120687K, committed 120832K, reserved 1153024K
  class space    used 15057K, capacity 16262K, committed 16384K, reserved 1048576K
}
Event: 175.777 GC heap before
{Heap before GC invocations=43 (full 0):
 garbage-first heap   total 195584K, used 133809K [0x0000000080000000, 0x0000000100000000)
  region size 1024K, 9 young (9216K), 3 survivors (3072K)
 Metaspace       used 117811K, capacity 120952K, committed 121088K, reserved 1155072K
  class space    used 15060K, capacity 16262K, committed 16384K, reserved 1048576K
}
Event: 175.784 GC heap after
{Heap after GC invocations=44 (full 0):
 garbage-first heap   total 195584K, used 116887K [0x0000000080000000, 0x0000000100000000)
  region size 1024K, 1 young (1024K), 1 survivors (1024K)
 Metaspace       used 117811K, capacity 120952K, committed 121088K, reserved 1155072K
  class space    used 15060K, capacity 16262K, committed 16384K, reserved 1048576K
}

Deoptimization events (20 events):
Event: 175.866 Thread 0x00000272ba8ca000 Uncommon trap: trap_request=0xffffffc6 fr.pc=0x00000272a5c81888 relative=0x0000000000000068
Event: 175.866 Thread 0x00000272ba8ca000 Uncommon trap: reason=bimorphic_or_optimized_type_check action=maybe_recompile pc=0x00000272a5c81888 method=com.android.tools.r8.internal.kY.o()Lcom/android/tools/r8/internal/Sc; @ 28 c2
Event: 175.866 Thread 0x00000272ba8ca000 DEOPT PACKING pc=0x00000272a5c81888 sp=0x0000008fca8fc1e0
Event: 175.866 Thread 0x00000272ba8ca000 DEOPT UNPACKING pc=0x000002729df1a1af sp=0x0000008fca8fc168 mode 2
Event: 175.869 Thread 0x00000272ba8ca000 Uncommon trap: trap_request=0xffffffc6 fr.pc=0x00000272a5c81888 relative=0x0000000000000068
Event: 175.869 Thread 0x00000272ba8ca000 Uncommon trap: reason=bimorphic_or_optimized_type_check action=maybe_recompile pc=0x00000272a5c81888 method=com.android.tools.r8.internal.kY.o()Lcom/android/tools/r8/internal/Sc; @ 28 c2
Event: 175.869 Thread 0x00000272ba8ca000 DEOPT PACKING pc=0x00000272a5c81888 sp=0x0000008fca8fc100
Event: 175.869 Thread 0x00000272ba8ca000 DEOPT UNPACKING pc=0x000002729df1a1af sp=0x0000008fca8fc088 mode 2
Event: 175.870 Thread 0x00000272ba8ca000 Uncommon trap: trap_request=0xffffffc6 fr.pc=0x00000272a5c81888 relative=0x0000000000000068
Event: 175.870 Thread 0x00000272ba8ca000 Uncommon trap: reason=bimorphic_or_optimized_type_check action=maybe_recompile pc=0x00000272a5c81888 method=com.android.tools.r8.internal.kY.o()Lcom/android/tools/r8/internal/Sc; @ 28 c2
Event: 175.870 Thread 0x00000272ba8ca000 DEOPT PACKING pc=0x00000272a5c81888 sp=0x0000008fca8fbee0
Event: 175.870 Thread 0x00000272ba8ca000 DEOPT UNPACKING pc=0x000002729df1a1af sp=0x0000008fca8fbe68 mode 2
Event: 175.946 Thread 0x00000272bc2c2800 DEOPT PACKING pc=0x000002729eed0159 sp=0x0000008fca6fc5c0
Event: 175.946 Thread 0x00000272bc2c2800 DEOPT UNPACKING pc=0x000002729df1a95e sp=0x0000008fca6fbaf8 mode 0
Event: 175.947 Thread 0x00000272bc2c2800 DEOPT PACKING pc=0x000002729e48c633 sp=0x0000008fca6fc640
Event: 175.947 Thread 0x00000272bc2c2800 DEOPT UNPACKING pc=0x000002729df1a95e sp=0x0000008fca6fbae8 mode 0
Event: 175.948 Thread 0x00000272bc2c2800 DEOPT PACKING pc=0x000002729e48c633 sp=0x0000008fca6fc640
Event: 175.948 Thread 0x00000272bc2c2800 DEOPT UNPACKING pc=0x000002729df1a95e sp=0x0000008fca6fbae8 mode 0
Event: 175.949 Thread 0x00000272bc2c2800 DEOPT PACKING pc=0x000002729e48c633 sp=0x0000008fca6fc640
Event: 175.949 Thread 0x00000272bc2c2800 DEOPT UNPACKING pc=0x000002729df1a95e sp=0x0000008fca6fbae8 mode 0

Classes redefined (0 events):
No events

Internal exceptions (20 events):
Event: 172.816 Thread 0x00000272ba8cd800 Exception <a 'java/lang/NoSuchMethodError'{0x000000008bdfe7f8}: 'java.lang.Object java.lang.invoke.DirectMethodHandle$Holder.invokeStaticInit(java.lang.Object, java.lang.Object, java.lang.Object, java.lang.Object, java.lang.Object, java.lang.Object, java.lang.Object, java.lang.Object, java.lang.Object, java.lang.Object, java.lang.Object, java.lang.Object, java.lang.Object, java.lang.Object, java.lang.Object, java.lang.Object, java.lang.Object, java.lang.Object, int, java.lang.Object, java.lang.Object)'> (0
Event: 172.862 Thread 0x00000272bc2c2800 Exception <a 'java/lang/IncompatibleClassChangeError'{0x000000008bcb17f8}: Found class java.lang.Object, but interface was expected> (0x000000008bcb17f8) thrown at [./src/hotspot/share/interpreter/linkResolver.cpp, line 839]
Event: 172.862 Thread 0x00000272ba8ca000 Exception <a 'java/lang/IncompatibleClassChangeError'{0x000000008bb04958}: Found class java.lang.Object, but interface was expected> (0x000000008bb04958) thrown at [./src/hotspot/share/interpreter/linkResolver.cpp, line 839]
Event: 172.862 Thread 0x00000272ba8cb000 Exception <a 'java/lang/IncompatibleClassChangeError'{0x000000008bb03db0}: Found class java.lang.Object, but interface was expected> (0x000000008bb03db0) thrown at [./src/hotspot/share/interpreter/linkResolver.cpp, line 839]
Event: 172.862 Thread 0x00000272ba8cd800 Exception <a 'java/lang/IncompatibleClassChangeError'{0x000000008bcf9a00}: Found class java.lang.Object, but interface was expected> (0x000000008bcf9a00) thrown at [./src/hotspot/share/interpreter/linkResolver.cpp, line 839]
Event: 173.689 Thread 0x00000272bc2c2800 Exception <a 'java/lang/IncompatibleClassChangeError'{0x000000008ac28240}: Found class java.lang.Object, but interface was expected> (0x000000008ac28240) thrown at [./src/hotspot/share/interpreter/linkResolver.cpp, line 839]
Event: 173.689 Thread 0x00000272ba8cb000 Exception <a 'java/lang/IncompatibleClassChangeError'{0x000000008ac18680}: Found class java.lang.Object, but interface was expected> (0x000000008ac18680) thrown at [./src/hotspot/share/interpreter/linkResolver.cpp, line 839]
Event: 173.689 Thread 0x00000272ba8cd800 Exception <a 'java/lang/IncompatibleClassChangeError'{0x000000008adb3ee0}: Found class java.lang.Object, but interface was expected> (0x000000008adb3ee0) thrown at [./src/hotspot/share/interpreter/linkResolver.cpp, line 839]
Event: 174.149 Thread 0x00000272ba8ca000 Exception <a 'java/lang/NoSuchMethodError'{0x000000008a402588}: 'java.lang.Object java.lang.invoke.DirectMethodHandle$Holder.invokeStatic(java.lang.Object, int, java.lang.Object, java.lang.Object)'> (0x000000008a402588) thrown at [./src/hotspot/share/interpreter/linkResolver.cpp, line 773]
Event: 174.149 Thread 0x00000272ba8cd800 Exception <a 'java/lang/NoSuchMethodError'{0x000000008a5e9018}: 'java.lang.Object java.lang.invoke.DirectMethodHandle$Holder.invokeStatic(java.lang.Object, int, java.lang.Object, java.lang.Object)'> (0x000000008a5e9018) thrown at [./src/hotspot/share/interpreter/linkResolver.cpp, line 773]
Event: 174.149 Thread 0x00000272bc2c2800 Exception <a 'java/lang/NoSuchMethodError'{0x000000008a5babd8}: 'java.lang.Object java.lang.invoke.DirectMethodHandle$Holder.invokeStatic(java.lang.Object, int, java.lang.Object, java.lang.Object)'> (0x000000008a5babd8) thrown at [./src/hotspot/share/interpreter/linkResolver.cpp, line 773]
Event: 174.150 Thread 0x00000272ba8cb000 Exception <a 'java/lang/NoSuchMethodError'{0x000000008a5ddee8}: 'java.lang.Object java.lang.invoke.DirectMethodHandle$Holder.invokeStatic(java.lang.Object, int, java.lang.Object, java.lang.Object)'> (0x000000008a5ddee8) thrown at [./src/hotspot/share/interpreter/linkResolver.cpp, line 773]
Event: 174.459 Thread 0x00000272ba8cd800 Exception <a 'java/lang/IncompatibleClassChangeError'{0x000000008bc79cf8}: Found class java.lang.Object, but interface was expected> (0x000000008bc79cf8) thrown at [./src/hotspot/share/interpreter/linkResolver.cpp, line 839]
Event: 174.461 Thread 0x00000272ba8cb000 Exception <a 'java/lang/IncompatibleClassChangeError'{0x000000008bd40af0}: Found class java.lang.Object, but interface was expected> (0x000000008bd40af0) thrown at [./src/hotspot/share/interpreter/linkResolver.cpp, line 839]
Event: 174.659 Thread 0x00000272bc2c2800 Exception <a 'java/lang/NoSuchMethodError'{0x000000008ba8cd58}: 'void java.lang.invoke.DirectMethodHandle$Holder.invokeSpecial(java.lang.Object, java.lang.Object, int, java.lang.Object)'> (0x000000008ba8cd58) thrown at [./src/hotspot/share/interpreter/linkResolver.cpp, line 773]
Event: 174.916 Thread 0x00000272bc2c2800 Exception <a 'java/lang/NoSuchMethodError'{0x000000008b77f820}: 'int java.lang.invoke.DirectMethodHandle$Holder.invokeSpecial(java.lang.Object, java.lang.Object, java.lang.Object, int, java.lang.Object)'> (0x000000008b77f820) thrown at [./src/hotspot/share/interpreter/linkResolver.cpp, line 773]
Event: 175.041 Thread 0x00000272ba8cb000 Exception <a 'java/lang/NoSuchMethodError'{0x000000008b60d638}: 'java.lang.Object java.lang.invoke.DirectMethodHandle$Holder.newInvokeSpecial(java.lang.Object, int)'> (0x000000008b60d638) thrown at [./src/hotspot/share/interpreter/linkResolver.cpp, line 773]
Event: 175.041 Thread 0x00000272ba8ca000 Exception <a 'java/lang/NoSuchMethodError'{0x000000008b7ab378}: 'java.lang.Object java.lang.invoke.DirectMethodHandle$Holder.newInvokeSpecial(java.lang.Object, int)'> (0x000000008b7ab378) thrown at [./src/hotspot/share/interpreter/linkResolver.cpp, line 773]
Event: 175.158 Thread 0x00000272ba8ca000 Exception <a 'java/lang/NoSuchMethodError'{0x000000008b3c3cd0}: 'long java.lang.invoke.DirectMethodHandle$Holder.invokeStatic(java.lang.Object, java.lang.Object)'> (0x000000008b3c3cd0) thrown at [./src/hotspot/share/interpreter/linkResolver.cpp, line 773]
Event: 175.861 Thread 0x00000272ba8ca000 Implicit null exception at 0x00000272a5a30ecc to 0x00000272a5a30fd4

Events (20 events):
Event: 176.077 loading class com/android/tools/r8/graph/T1
Event: 176.077 loading class com/android/tools/r8/graph/T1 done
Event: 176.077 loading class com/android/tools/r8/graph/T1
Event: 176.077 loading class com/android/tools/r8/graph/T1 done
Event: 176.077 loading class com/android/tools/r8/graph/q0
Event: 176.077 loading class com/android/tools/r8/graph/q0 done
Event: 176.077 loading class com/android/tools/r8/graph/T1
Event: 176.077 loading class com/android/tools/r8/graph/T1 done
Event: 176.077 loading class com/android/tools/r8/graph/D1$i
Event: 176.077 loading class com/android/tools/r8/graph/D1$i done
Event: 176.077 loading class com/android/tools/r8/graph/D1$i
Event: 176.077 loading class com/android/tools/r8/graph/D1$i done
Event: 176.077 loading class com/android/tools/r8/graph/S1
Event: 176.077 loading class com/android/tools/r8/graph/S1 done
Event: 176.078 loading class com/android/tools/r8/internal/hy
Event: 176.078 loading class com/android/tools/r8/internal/hy done
Event: 176.080 loading class com/android/tools/r8/synthesis/p
Event: 176.080 loading class com/android/tools/r8/synthesis/p done
Event: 176.092 loading class com/android/tools/r8/internal/K6
Event: 176.092 loading class com/android/tools/r8/internal/K6 done


Dynamic libraries:
0x00007ff623e60000 - 0x00007ff623e6a000 	C:\Program Files\Android\Android Studio\jre\bin\java.exe
0x00007ffd5ed10000 - 0x00007ffd5ef08000 	C:\Windows\SYSTEM32\ntdll.dll
0x00007ffd5da90000 - 0x00007ffd5db4d000 	C:\Windows\System32\KERNEL32.DLL
0x00007ffd5c890000 - 0x00007ffd5cb5e000 	C:\Windows\System32\KERNELBASE.dll
0x00007ffd5cc10000 - 0x00007ffd5cd10000 	C:\Windows\System32\ucrtbase.dll
0x00007ffd4f4d0000 - 0x00007ffd4f4e9000 	C:\Program Files\Android\Android Studio\jre\bin\jli.dll
0x00007ffd4f7f0000 - 0x00007ffd4f807000 	C:\Program Files\Android\Android Studio\jre\bin\VCRUNTIME140.dll
0x00007ffd5e4b0000 - 0x00007ffd5e650000 	C:\Windows\System32\USER32.dll
0x00007ffd5cd10000 - 0x00007ffd5cd32000 	C:\Windows\System32\win32u.dll
0x00007ffd502f0000 - 0x00007ffd5058a000 	C:\Windows\WinSxS\amd64_microsoft.windows.common-controls_6595b64144ccf1df_6.0.19041.1110_none_60b5254171f9507e\COMCTL32.dll
0x00007ffd5d520000 - 0x00007ffd5d54a000 	C:\Windows\System32\GDI32.dll
0x00007ffd5ebb0000 - 0x00007ffd5ec4e000 	C:\Windows\System32\msvcrt.dll
0x00007ffd5c780000 - 0x00007ffd5c88b000 	C:\Windows\System32\gdi32full.dll
0x00007ffd5c430000 - 0x00007ffd5c4cd000 	C:\Windows\System32\msvcp_win.dll
0x00007ffd5eb80000 - 0x00007ffd5ebb0000 	C:\Windows\System32\IMM32.DLL
0x00007ffd4b4f0000 - 0x00007ffd4b58d000 	C:\Program Files\Android\Android Studio\jre\bin\msvcp140.dll
0x00007ffd0fd00000 - 0x00007ffd107e5000 	C:\Program Files\Android\Android Studio\jre\bin\server\jvm.dll
0x00007ffd5d8b0000 - 0x00007ffd5d95e000 	C:\Windows\System32\ADVAPI32.dll
0x00007ffd5de40000 - 0x00007ffd5dedc000 	C:\Windows\System32\sechost.dll
0x00007ffd5d960000 - 0x00007ffd5da85000 	C:\Windows\System32\RPCRT4.dll
0x00007ffd5dc10000 - 0x00007ffd5dc18000 	C:\Windows\System32\PSAPI.DLL
0x00007ffd49620000 - 0x00007ffd49629000 	C:\Windows\SYSTEM32\WSOCK32.dll
0x00007ffd5dc20000 - 0x00007ffd5dc8b000 	C:\Windows\System32\WS2_32.dll
0x00007ffd50680000 - 0x00007ffd506a7000 	C:\Windows\SYSTEM32\WINMM.dll
0x00007ffd52820000 - 0x00007ffd5282a000 	C:\Windows\SYSTEM32\VERSION.dll
0x00007ffd5a3c0000 - 0x00007ffd5a3d2000 	C:\Windows\SYSTEM32\kernel.appcore.dll
0x00007ffd32630000 - 0x00007ffd32641000 	C:\Program Files\Android\Android Studio\jre\bin\verify.dll
0x00007ffd49f60000 - 0x00007ffd4a144000 	C:\Windows\SYSTEM32\DBGHELP.DLL
0x00007ffd49d40000 - 0x00007ffd49d6c000 	C:\Windows\SYSTEM32\dbgcore.DLL
0x00007ffd5c4d0000 - 0x00007ffd5c552000 	C:\Windows\System32\bcryptPrimitives.dll
0x00007ffd0bc00000 - 0x00007ffd0bc29000 	C:\Program Files\Android\Android Studio\jre\bin\java.dll
0x00007ffd2d490000 - 0x00007ffd2d49b000 	C:\Program Files\Android\Android Studio\jre\bin\jimage.dll
0x00007ffd0e070000 - 0x00007ffd0e088000 	C:\Program Files\Android\Android Studio\jre\bin\zip.dll
0x00007ffd5cd70000 - 0x00007ffd5d4b4000 	C:\Windows\System32\SHELL32.dll
0x00007ffd5a530000 - 0x00007ffd5acc4000 	C:\Windows\SYSTEM32\windows.storage.dll
0x00007ffd5e6e0000 - 0x00007ffd5ea34000 	C:\Windows\System32\combase.dll
0x00007ffd5bdc0000 - 0x00007ffd5bdf0000 	C:\Windows\SYSTEM32\Wldp.dll
0x00007ffd5d6e0000 - 0x00007ffd5d78d000 	C:\Windows\System32\SHCORE.dll
0x00007ffd5ec70000 - 0x00007ffd5ecc5000 	C:\Windows\System32\shlwapi.dll
0x00007ffd5c370000 - 0x00007ffd5c38f000 	C:\Windows\SYSTEM32\profapi.dll
0x00007ffd0b1d0000 - 0x00007ffd0b1ea000 	C:\Program Files\Android\Android Studio\jre\bin\net.dll
0x00007ffd56c30000 - 0x00007ffd56d3a000 	C:\Windows\SYSTEM32\WINHTTP.dll
0x00007ffd5bb20000 - 0x00007ffd5bb8a000 	C:\Windows\system32\mswsock.dll
0x00007ffd0b1b0000 - 0x00007ffd0b1c4000 	C:\Program Files\Android\Android Studio\jre\bin\nio.dll
0x00007ffd37b50000 - 0x00007ffd37b77000 	C:\Users\hanan\.gradle\native\e1d6ef7f7dcc3fd88c89a11ec53ec762bb8ba0a96d01ffa2cd45eb1d1d8dd5c5\windows-amd64\native-platform.dll
0x00007ffd4b3a0000 - 0x00007ffd4b4e4000 	C:\Users\hanan\.gradle\native\5664cfc778a61ccfe75a443a1ab52a65af34e5dc3c78e0209fed803814484fcb\windows-amd64\native-platform-file-events.dll
0x00007ffd38450000 - 0x00007ffd3845a000 	C:\Program Files\Android\Android Studio\jre\bin\management.dll
0x00007ffd127c0000 - 0x00007ffd127cd000 	C:\Program Files\Android\Android Studio\jre\bin\management_ext.dll
0x00007ffd5bd10000 - 0x00007ffd5bd28000 	C:\Windows\SYSTEM32\CRYPTSP.dll
0x00007ffd5b4a0000 - 0x00007ffd5b4d4000 	C:\Windows\system32\rsaenh.dll
0x00007ffd5cd40000 - 0x00007ffd5cd67000 	C:\Windows\System32\bcrypt.dll
0x00007ffd5c2f0000 - 0x00007ffd5c31e000 	C:\Windows\SYSTEM32\USERENV.dll
0x00007ffd5bd30000 - 0x00007ffd5bd3c000 	C:\Windows\SYSTEM32\CRYPTBASE.dll
0x00007ffd5b810000 - 0x00007ffd5b84b000 	C:\Windows\SYSTEM32\IPHLPAPI.DLL
0x00007ffd5db50000 - 0x00007ffd5db58000 	C:\Windows\System32\NSI.dll
0x00007ffd55b20000 - 0x00007ffd55b37000 	C:\Windows\SYSTEM32\dhcpcsvc6.DLL
0x00007ffd55d80000 - 0x00007ffd55d9d000 	C:\Windows\SYSTEM32\dhcpcsvc.DLL
0x00007ffd5b850000 - 0x00007ffd5b91b000 	C:\Windows\SYSTEM32\DNSAPI.dll
0x00007ffd5b130000 - 0x00007ffd5b163000 	C:\Windows\SYSTEM32\ntmarta.dll
0x00007ffd59640000 - 0x00007ffd596d0000 	C:\Windows\system32\apphelp.dll

dbghelp: loaded successfully - version: 4.0.5 - missing functions: none
symbol engine: initialized successfully - sym options: 0x614 - pdb path: .;C:\Program Files\Android\Android Studio\jre\bin;C:\Windows\SYSTEM32;C:\Windows\WinSxS\amd64_microsoft.windows.common-controls_6595b64144ccf1df_6.0.19041.1110_none_60b5254171f9507e;C:\Program Files\Android\Android Studio\jre\bin\server;C:\Users\hanan\.gradle\native\e1d6ef7f7dcc3fd88c89a11ec53ec762bb8ba0a96d01ffa2cd45eb1d1d8dd5c5\windows-amd64;C:\Users\hanan\.gradle\native\5664cfc778a61ccfe75a443a1ab52a65af34e5dc3c78e0209fed803814484fcb\windows-amd64

VM Arguments:
jvm_args: --add-opens=java.base/java.util=ALL-UNNAMED --add-opens=java.base/java.lang=ALL-UNNAMED --add-opens=java.base/java.lang.invoke=ALL-UNNAMED --add-opens=java.base/java.util=ALL-UNNAMED --add-opens=java.prefs/java.util.prefs=ALL-UNNAMED --add-opens=java.prefs/java.util.prefs=ALL-UNNAMED --add-opens=java.base/java.nio.charset=ALL-UNNAMED --add-opens=java.base/java.net=ALL-UNNAMED --add-opens=java.base/java.util.concurrent.atomic=ALL-UNNAMED -Xmx2048m -Dfile.encoding=UTF-8 -Duser.country=US -Duser.language=en -Duser.variant 
java_command: org.gradle.launcher.daemon.bootstrap.GradleDaemon 7.3.3
java_class_path (initial): C:\Users\hanan\.gradle\wrapper\dists\gradle-7.3.3-bin\6a41zxkdtcxs8rphpq6y0069z\gradle-7.3.3\lib\gradle-launcher-7.3.3.jar
Launcher Type: SUN_STANDARD

[Global flags]
     intx CICompilerCount                          = 3                                         {product} {ergonomic}
     uint ConcGCThreads                            = 1                                         {product} {ergonomic}
     uint G1ConcRefinementThreads                  = 4                                         {product} {ergonomic}
   size_t G1HeapRegionSize                         = 1048576                                   {product} {ergonomic}
    uintx GCDrainStackTargetSize                   = 64                                        {product} {ergonomic}
   size_t InitialHeapSize                          = 134217728                                 {product} {ergonomic}
   size_t MarkStackSize                            = 4194304                                   {product} {ergonomic}
   size_t MaxHeapSize                              = 2147483648                                {product} {command line}
   size_t MaxNewSize                               = 1287651328                                {product} {ergonomic}
   size_t MinHeapDeltaBytes                        = 1048576                                   {product} {ergonomic}
    uintx NonNMethodCodeHeapSize                   = 5830732                                {pd product} {ergonomic}
    uintx NonProfiledCodeHeapSize                  = 122913754                              {pd product} {ergonomic}
    uintx ProfiledCodeHeapSize                     = 122913754                              {pd product} {ergonomic}
    uintx ReservedCodeCacheSize                    = 251658240                              {pd product} {ergonomic}
     bool SegmentedCodeCache                       = true                                      {product} {ergonomic}
     bool UseCompressedClassPointers               = true                                 {lp64_product} {ergonomic}
     bool UseCompressedOops                        = true                                 {lp64_product} {ergonomic}
     bool UseG1GC                                  = true                                      {product} {ergonomic}
     bool UseLargePagesIndividualAllocation        = false                                  {pd product} {ergonomic}

Logging:
Log output configuration:
 #0: stdout all=warning uptime,level,tags
 #1: stderr all=off uptime,level,tags

Environment Variables:
PATH=C:\Windows\system32;C:\Program Files\nodejs\;C:\Program Files\Microsoft\jdk-11.0.12.7-hotspot\bin;C:\Windows;C:\Windows\System32\Wbem;C:\Windows\System32\WindowsPowerShell\v1.0\;C:\Windows\System32\OpenSSH\;C:\Program Files\Microsoft SQL Server\Client SDK\ODBC\170\Tools\Binn\;C:\Program Files\Azure Data Studio\bin;C:\Program Files\dotnet\;C:\Program Files (x86)\Microsoft SQL Server\150\DTS\Binn\;C:\Program Files (x86)\Microsoft SQL Server\150\Tools\Binn\;C:\Program Files\Microsoft SQL Server\150\Tools\Binn\;C:\Program Files\Microsoft SQL Server\150\DTS\Binn\;C:\Program Files (x86)\dotnet\;C:\Program Files\Git\cmd;C:\Program Files\MySQL\MySQL Shell 8.0\bin\;C:\Users\hanan\AppData\Local\Microsoft\WindowsApps;C:\Program Files\Azure Data Studio\bin;C:\Users\hanan\.dotnet\tools;C:\Users\hanan\AppData\Local\Programs\Microsoft VS Code\bin;C:\Users\hanan\AppData\Local\GitHubDesktop\bin;C:\Users\hanan\AppData\Roaming\npm
USERNAME=AbdulHanan
OS=Windows_NT
PROCESSOR_IDENTIFIER=Intel64 Family 6 Model 69 Stepping 1, GenuineIntel



---------------  S Y S T E M  ---------------

OS: Windows 10 , 64 bit Build 19041 (10.0.19041.1806)
OS uptime: 0 days 0:55 hours

CPU:total 4 (initial active 4) (2 cores per cpu, 2 threads per core) family 6 model 69 stepping 1 microcode 0x25, cmov, cx8, fxsr, mmx, sse, sse2, sse3, ssse3, sse4.1, sse4.2, popcnt, avx, avx2, aes, clmul, erms, lzcnt, ht, tsc, tscinvbit, bmi1, bmi2, fma

Memory: 4k page, system-wide physical 8064M (566M free)
TotalPageFile size 30624M (AvailPageFile size 6M)
current process WorkingSet (physical memory assigned to process): 517M, peak: 518M
current process commit charge ("private bytes"): 544M, peak: 546M

vm_info: OpenJDK 64-Bit Server VM (11.0.12+7-b1504.28-7817840) for windows-amd64 JRE (11.0.12+7-b1504.28-7817840), built on Oct 13 2021 22:12:33 by "builder" with MS VC++ 14.0 (VS2015)

END.
