#
# There is insufficient memory for the Java Runtime Environment to continue.
# Native memory allocation (malloc) failed to allocate 1107856 bytes for Chunk::new
# Possible reasons:
#   The system is out of physical RAM or swap space
#   The process is running with CompressedOops enabled, and the Java Heap may be blocking the growth of the native heap
# Possible solutions:
#   Reduce memory load on the system
#   Increase physical memory or swap space
#   Check if swap backing store is full
#   Decrease Java heap size (-Xmx/-Xms)
#   Decrease number of Java threads
#   Decrease Java thread stack sizes (-Xss)
#   Set larger code cache with -XX:ReservedCodeCacheSize=
#   JVM is running with Unscaled Compressed Oops mode in which the Java heap is
#     placed in the first 4GB address space. The Java Heap base address is the
#     maximum limit for the native heap growth. Please use -XX:HeapBaseMinAddress
#     to set the Java Heap base and to place the Java Heap above 4GB virtual address.
# This output file may be truncated or incomplete.
#
#  Out of Memory Error (./src/hotspot/share/memory/arena.cpp:197), pid=77792, tid=64004
#
# JRE version: OpenJDK Runtime Environment (11.0.12+7) (build 11.0.12+7-b1504.28-7817840)
# Java VM: OpenJDK 64-Bit Server VM (11.0.12+7-b1504.28-7817840, mixed mode, tiered, compressed oops, g1 gc, windows-amd64)
# No core dump will be written. Minidumps are not enabled by default on client versions of Windows
#

---------------  S U M M A R Y ------------

Command Line: --add-opens=java.base/java.util=ALL-UNNAMED --add-opens=java.base/java.lang=ALL-UNNAMED --add-opens=java.base/java.lang.invoke=ALL-UNNAMED --add-opens=java.base/java.util=ALL-UNNAMED --add-opens=java.prefs/java.util.prefs=ALL-UNNAMED --add-opens=java.prefs/java.util.prefs=ALL-UNNAMED --add-opens=java.base/java.nio.charset=ALL-UNNAMED --add-opens=java.base/java.net=ALL-UNNAMED --add-opens=java.base/java.util.concurrent.atomic=ALL-UNNAMED -Xmx2048m -Dfile.encoding=UTF-8 -Duser.country=US -Duser.language=en -Duser.variant org.gradle.launcher.daemon.bootstrap.GradleDaemon 7.3.3

Host: Intel(R) Core(TM) i7-4510U CPU @ 2.00GHz, 4 cores, 7G,  Windows 10 , 64 bit Build 19041 (10.0.19041.1806)
Time: Thu Jul 28 22:39:48 2022 Pakistan Standard Time elapsed time: 71.482121 seconds (0d 0h 1m 11s)

---------------  T H R E A D  ---------------

Current thread (0x000001a6ad126800):  JavaThread "C2 CompilerThread0" daemon [_thread_in_native, id=64004, stack(0x0000006cefb00000,0x0000006cefc00000)]


Current CompileTask:
C2:  71482 6638       4       java.lang.Class::getMethodsRecursive (99 bytes)

Stack: [0x0000006cefb00000,0x0000006cefc00000]
Native frames: (J=compiled Java code, j=interpreted, Vv=VM code, C=native code)
V  [jvm.dll+0x5fbcea]
V  [jvm.dll+0x731905]
V  [jvm.dll+0x732f1d]
V  [jvm.dll+0x7335d3]
V  [jvm.dll+0x247bf8]
V  [jvm.dll+0xc018c]
V  [jvm.dll+0xc06cc]
V  [jvm.dll+0x35b2db]
V  [jvm.dll+0x328803]
V  [jvm.dll+0x327cfa]
V  [jvm.dll+0x200602]
V  [jvm.dll+0x1ff794]
V  [jvm.dll+0x18868c]
V  [jvm.dll+0x20e0d7]
V  [jvm.dll+0x20c901]
V  [jvm.dll+0x6f9b7f]
V  [jvm.dll+0x6f26a5]
V  [jvm.dll+0x5fabf6]
C  [ucrtbase.dll+0x21bb2]
C  [KERNEL32.DLL+0x17034]
C  [ntdll.dll+0x52651]


---------------  P R O C E S S  ---------------

Threads class SMR info:
_java_thread_list=0x000001a6b1386a10, length=77, elements={
0x000001a69350f000, 0x000001a6ad0ff000, 0x000001a6ad10a800, 0x000001a6ad11c000,
0x000001a6ad11d000, 0x000001a6ad11f000, 0x000001a6ad126800, 0x000001a6ad12a000,
0x000001a6ad12d800, 0x000001a6adbd2000, 0x000001a6ae8b4800, 0x000001a6b0b6e800,
0x000001a6aedf1800, 0x000001a6ae00d000, 0x000001a6b034d000, 0x000001a6af830800,
0x000001a6b01f7800, 0x000001a6afbce000, 0x000001a6aea27000, 0x000001a6aea29000,
0x000001a6aea27800, 0x000001a6aea28800, 0x000001a6aea2a000, 0x000001a6aea2b000,
0x000001a6aea26000, 0x000001a6aea25000, 0x000001a6aea2b800, 0x000001a6aeadd800,
0x000001a6aeadf000, 0x000001a6aeadb000, 0x000001a6aeadf800, 0x000001a6aeada000,
0x000001a6aeae0800, 0x000001a6aeae1800, 0x000001a6aeadc800, 0x000001a6aeadb800,
0x000001a6aeae4000, 0x000001a6aeae3000, 0x000001a6aeae8000, 0x000001a6aeae4800,
0x000001a6aeae7000, 0x000001a6aeae6000, 0x000001a6aeae2000, 0x000001a6aeae5800,
0x000001a6b05c9800, 0x000001a6b05c9000, 0x000001a6b05cc000, 0x000001a6b05c8000,
0x000001a6b05ca800, 0x000001a6b05cb800, 0x000001a6b05c7800, 0x000001a6b05d0800,
0x000001a6b05cd000, 0x000001a6b05d1000, 0x000001a6b05cf800, 0x000001a6b05d3800,
0x000001a6b05d2000, 0x000001a6b05d2800, 0x000001a6b05ce000, 0x000001a6b05d4800,
0x000001a6b05ce800, 0x000001a6b05d5000, 0x000001a6b05d6000, 0x000001a6ae0a9800,
0x000001a6ae0ab800, 0x000001a6ae0ac000, 0x000001a6ae0ad000, 0x000001a6ae0a7000,
0x000001a6ae0a8000, 0x000001a6ae0ae000, 0x000001a6ae0aa800, 0x000001a6ae0a9000,
0x000001a6ae0b1000, 0x000001a6ae0b3800, 0x000001a6ae0b2800, 0x000001a6ae0b2000,
0x000001a6ae0af800
}

Java Threads: ( => current thread )
  0x000001a69350f000 JavaThread "main" [_thread_blocked, id=61068, stack(0x0000006ceef00000,0x0000006cef000000)]
  0x000001a6ad0ff000 JavaThread "Reference Handler" daemon [_thread_blocked, id=51308, stack(0x0000006cef600000,0x0000006cef700000)]
  0x000001a6ad10a800 JavaThread "Finalizer" daemon [_thread_blocked, id=47372, stack(0x0000006cef700000,0x0000006cef800000)]
  0x000001a6ad11c000 JavaThread "Signal Dispatcher" daemon [_thread_blocked, id=57944, stack(0x0000006cef800000,0x0000006cef900000)]
  0x000001a6ad11d000 JavaThread "Attach Listener" daemon [_thread_blocked, id=63676, stack(0x0000006cef900000,0x0000006cefa00000)]
  0x000001a6ad11f000 JavaThread "Service Thread" daemon [_thread_blocked, id=65848, stack(0x0000006cefa00000,0x0000006cefb00000)]
=>0x000001a6ad126800 JavaThread "C2 CompilerThread0" daemon [_thread_in_native, id=64004, stack(0x0000006cefb00000,0x0000006cefc00000)]
  0x000001a6ad12a000 JavaThread "C1 CompilerThread0" daemon [_thread_blocked, id=65708, stack(0x0000006cefc00000,0x0000006cefd00000)]
  0x000001a6ad12d800 JavaThread "Sweeper thread" daemon [_thread_blocked, id=63360, stack(0x0000006cefd00000,0x0000006cefe00000)]
  0x000001a6adbd2000 JavaThread "Common-Cleaner" daemon [_thread_blocked, id=68092, stack(0x0000006cefe00000,0x0000006ceff00000)]
  0x000001a6ae8b4800 JavaThread "Daemon health stats" [_thread_blocked, id=59008, stack(0x0000006cf0000000,0x0000006cf0100000)]
  0x000001a6b0b6e800 JavaThread "Incoming local TCP Connector on port 50949" [_thread_in_native, id=63864, stack(0x0000006cf0300000,0x0000006cf0400000)]
  0x000001a6aedf1800 JavaThread "Daemon periodic checks" [_thread_blocked, id=44516, stack(0x0000006cf0400000,0x0000006cf0500000)]
  0x000001a6ae00d000 JavaThread "Daemon" [_thread_blocked, id=78816, stack(0x0000006cf0500000,0x0000006cf0600000)]
  0x000001a6b034d000 JavaThread "Handler for socket connection from /127.0.0.1:50949 to /127.0.0.1:50950" [_thread_in_native, id=61976, stack(0x0000006cf0600000,0x0000006cf0700000)]
  0x000001a6af830800 JavaThread "Cancel handler" [_thread_blocked, id=68048, stack(0x0000006cf0700000,0x0000006cf0800000)]
  0x000001a6b01f7800 JavaThread "Daemon worker" [_thread_in_native, id=68016, stack(0x0000006cf0800000,0x0000006cf0900000)]
  0x000001a6afbce000 JavaThread "Asynchronous log dispatcher for DefaultDaemonConnection: socket connection from /127.0.0.1:50949 to /127.0.0.1:50950" [_thread_blocked, id=77572, stack(0x0000006cf0900000,0x0000006cf0a00000)]
  0x000001a6aea27000 JavaThread "Daemon client event forwarder" [_thread_blocked, id=53092, stack(0x0000006cf0b00000,0x0000006cf0c00000)]
  0x000001a6aea29000 JavaThread "Cache worker for journal cache (C:\Users\hanan\.gradle\caches\journal-1)" [_thread_blocked, id=44216, stack(0x0000006cf0d00000,0x0000006cf0e00000)]
  0x000001a6aea27800 JavaThread "File lock request listener" [_thread_in_native, id=59656, stack(0x0000006cf0e00000,0x0000006cf0f00000)]
  0x000001a6aea28800 JavaThread "Cache worker for file hash cache (C:\Users\hanan\.gradle\caches\7.3.3\fileHashes)" [_thread_blocked, id=77904, stack(0x0000006cf0f00000,0x0000006cf1000000)]
  0x000001a6aea2a000 JavaThread "Cache worker for file hash cache (D:\Android Projects\QuizZone\.gradle\7.3.3\fileHashes)" [_thread_blocked, id=76872, stack(0x0000006cf1000000,0x0000006cf1100000)]
  0x000001a6aea2b000 JavaThread "File watcher server" daemon [_thread_in_native, id=78060, stack(0x0000006cf1100000,0x0000006cf1200000)]
  0x000001a6aea26000 JavaThread "File watcher consumer" daemon [_thread_blocked, id=61408, stack(0x0000006cf1200000,0x0000006cf1300000)]
  0x000001a6aea25000 JavaThread "Cache worker for checksums cache (D:\Android Projects\QuizZone\.gradle\7.3.3\checksums)" [_thread_blocked, id=48908, stack(0x0000006cf1300000,0x0000006cf1400000)]
  0x000001a6aea2b800 JavaThread "Cache worker for cache directory md-supplier (C:\Users\hanan\.gradle\caches\7.3.3\md-supplier)" [_thread_blocked, id=38736, stack(0x0000006cf1400000,0x0000006cf1500000)]
  0x000001a6aeadd800 JavaThread "Cache worker for cache directory md-rule (C:\Users\hanan\.gradle\caches\7.3.3\md-rule)" [_thread_blocked, id=64480, stack(0x0000006cf1500000,0x0000006cf1600000)]
  0x000001a6aeadf000 JavaThread "Cache worker for execution history cache (C:\Users\hanan\.gradle\caches\7.3.3\executionHistory)" [_thread_blocked, id=59136, stack(0x0000006cf1600000,0x0000006cf1700000)]
  0x000001a6aeadb000 JavaThread "jar transforms" [_thread_blocked, id=62376, stack(0x0000006cf1700000,0x0000006cf1800000)]
  0x000001a6aeadf800 JavaThread "Cache worker for file content cache (C:\Users\hanan\.gradle\caches\7.3.3\fileContent)" [_thread_blocked, id=25412, stack(0x0000006cf1900000,0x0000006cf1a00000)]
  0x000001a6aeada000 JavaThread "jar transforms Thread 2" [_thread_blocked, id=60396, stack(0x0000006cf1a00000,0x0000006cf1b00000)]
  0x000001a6aeae0800 JavaThread "Cache worker for dependencies-accessors (D:\Android Projects\QuizZone\.gradle\7.3.3\dependencies-accessors)" [_thread_blocked, id=41904, stack(0x0000006cf1b00000,0x0000006cf1c00000)]
  0x000001a6aeae1800 JavaThread "jar transforms Thread 3" [_thread_blocked, id=58624, stack(0x0000006cf1800000,0x0000006cf1900000)]
  0x000001a6aeadc800 JavaThread "Cache worker for Build Output Cleanup Cache (D:\Android Projects\QuizZone\.gradle\buildOutputCleanup)" [_thread_blocked, id=66892, stack(0x0000006cf1c00000,0x0000006cf1d00000)]
  0x000001a6aeadb800 JavaThread "Unconstrained build operations" [_thread_blocked, id=78784, stack(0x0000006cf1d00000,0x0000006cf1e00000)]
  0x000001a6aeae4000 JavaThread "Unconstrained build operations Thread 2" [_thread_blocked, id=67488, stack(0x0000006cf1e00000,0x0000006cf1f00000)]
  0x000001a6aeae3000 JavaThread "Unconstrained build operations Thread 3" [_thread_blocked, id=64724, stack(0x0000006cf1f00000,0x0000006cf2000000)]
  0x000001a6aeae8000 JavaThread "Unconstrained build operations Thread 4" [_thread_blocked, id=58900, stack(0x0000006cf2000000,0x0000006cf2100000)]
  0x000001a6aeae4800 JavaThread "Unconstrained build operations Thread 5" [_thread_blocked, id=78656, stack(0x0000006cf2100000,0x0000006cf2200000)]
  0x000001a6aeae7000 JavaThread "Unconstrained build operations Thread 6" [_thread_blocked, id=37552, stack(0x0000006cf2200000,0x0000006cf2300000)]
  0x000001a6aeae6000 JavaThread "Unconstrained build operations Thread 7" [_thread_blocked, id=67424, stack(0x0000006cf2300000,0x0000006cf2400000)]
  0x000001a6aeae2000 JavaThread "Unconstrained build operations Thread 8" [_thread_blocked, id=67368, stack(0x0000006cf2400000,0x0000006cf2500000)]
  0x000001a6aeae5800 JavaThread "Unconstrained build operations Thread 9" [_thread_blocked, id=58908, stack(0x0000006cf2500000,0x0000006cf2600000)]
  0x000001a6b05c9800 JavaThread "Unconstrained build operations Thread 10" [_thread_blocked, id=67348, stack(0x0000006cf2600000,0x0000006cf2700000)]
  0x000001a6b05c9000 JavaThread "Unconstrained build operations Thread 11" [_thread_blocked, id=48760, stack(0x0000006cf2700000,0x0000006cf2800000)]
  0x000001a6b05cc000 JavaThread "Unconstrained build operations Thread 12" [_thread_blocked, id=34648, stack(0x0000006cf2800000,0x0000006cf2900000)]
  0x000001a6b05c8000 JavaThread "Unconstrained build operations Thread 13" [_thread_blocked, id=59668, stack(0x0000006cf2900000,0x0000006cf2a00000)]
  0x000001a6b05ca800 JavaThread "Unconstrained build operations Thread 14" [_thread_blocked, id=10900, stack(0x0000006cf2a00000,0x0000006cf2b00000)]
  0x000001a6b05cb800 JavaThread "Unconstrained build operations Thread 15" [_thread_blocked, id=50776, stack(0x0000006cf2b00000,0x0000006cf2c00000)]
  0x000001a6b05c7800 JavaThread "Unconstrained build operations Thread 16" [_thread_blocked, id=67904, stack(0x0000006cf2c00000,0x0000006cf2d00000)]
  0x000001a6b05d0800 JavaThread "Unconstrained build operations Thread 17" [_thread_blocked, id=77692, stack(0x0000006cf2d00000,0x0000006cf2e00000)]
  0x000001a6b05cd000 JavaThread "Unconstrained build operations Thread 18" [_thread_blocked, id=60436, stack(0x0000006cf2e00000,0x0000006cf2f00000)]
  0x000001a6b05d1000 JavaThread "Unconstrained build operations Thread 19" [_thread_blocked, id=67792, stack(0x0000006cf2f00000,0x0000006cf3000000)]
  0x000001a6b05cf800 JavaThread "Unconstrained build operations Thread 20" [_thread_blocked, id=67924, stack(0x0000006cf3000000,0x0000006cf3100000)]
  0x000001a6b05d3800 JavaThread "Unconstrained build operations Thread 21" [_thread_blocked, id=63176, stack(0x0000006cf3100000,0x0000006cf3200000)]
  0x000001a6b05d2000 JavaThread "Unconstrained build operations Thread 22" [_thread_blocked, id=63444, stack(0x0000006cf3200000,0x0000006cf3300000)]
  0x000001a6b05d2800 JavaThread "Unconstrained build operations Thread 23" [_thread_blocked, id=65476, stack(0x0000006cf3300000,0x0000006cf3400000)]
  0x000001a6b05ce000 JavaThread "Unconstrained build operations Thread 24" [_thread_blocked, id=78704, stack(0x0000006cf3400000,0x0000006cf3500000)]
  0x000001a6b05d4800 JavaThread "Unconstrained build operations Thread 25" [_thread_blocked, id=60400, stack(0x0000006cf3500000,0x0000006cf3600000)]
  0x000001a6b05ce800 JavaThread "Unconstrained build operations Thread 26" [_thread_blocked, id=69060, stack(0x0000006cf3600000,0x0000006cf3700000)]
  0x000001a6b05d5000 JavaThread "Unconstrained build operations Thread 27" [_thread_blocked, id=63900, stack(0x0000006cf3700000,0x0000006cf3800000)]
  0x000001a6b05d6000 JavaThread "Unconstrained build operations Thread 28" [_thread_blocked, id=31652, stack(0x0000006cf3800000,0x0000006cf3900000)]
  0x000001a6ae0a9800 JavaThread "Unconstrained build operations Thread 29" [_thread_blocked, id=69044, stack(0x0000006cf3900000,0x0000006cf3a00000)]
  0x000001a6ae0ab800 JavaThread "Unconstrained build operations Thread 30" [_thread_blocked, id=77700, stack(0x0000006cf3a00000,0x0000006cf3b00000)]
  0x000001a6ae0ac000 JavaThread "Unconstrained build operations Thread 31" [_thread_blocked, id=77784, stack(0x0000006cf3b00000,0x0000006cf3c00000)]
  0x000001a6ae0ad000 JavaThread "Unconstrained build operations Thread 32" [_thread_blocked, id=11872, stack(0x0000006cf3c00000,0x0000006cf3d00000)]
  0x000001a6ae0a7000 JavaThread "Unconstrained build operations Thread 33" [_thread_blocked, id=38536, stack(0x0000006cf3d00000,0x0000006cf3e00000)]
  0x000001a6ae0a8000 JavaThread "Unconstrained build operations Thread 34" [_thread_blocked, id=78552, stack(0x0000006cf3e00000,0x0000006cf3f00000)]
  0x000001a6ae0ae000 JavaThread "Unconstrained build operations Thread 35" [_thread_blocked, id=51984, stack(0x0000006cf3f00000,0x0000006cf4000000)]
  0x000001a6ae0aa800 JavaThread "Unconstrained build operations Thread 36" [_thread_blocked, id=66232, stack(0x0000006cf4000000,0x0000006cf4100000)]
  0x000001a6ae0a9000 JavaThread "Unconstrained build operations Thread 37" [_thread_blocked, id=77688, stack(0x0000006cf4100000,0x0000006cf4200000)]
  0x000001a6ae0b1000 JavaThread "Unconstrained build operations Thread 38" [_thread_blocked, id=59628, stack(0x0000006cf4200000,0x0000006cf4300000)]
  0x000001a6ae0b3800 JavaThread "Unconstrained build operations Thread 39" [_thread_blocked, id=68196, stack(0x0000006cf4300000,0x0000006cf4400000)]
  0x000001a6ae0b2800 JavaThread "Unconstrained build operations Thread 40" [_thread_blocked, id=17164, stack(0x0000006cf4400000,0x0000006cf4500000)]
  0x000001a6ae0b2000 JavaThread "jar transforms Thread 4" [_thread_blocked, id=65376, stack(0x0000006cf4700000,0x0000006cf4800000)]
  0x000001a6ae0af800 JavaThread "Memory manager" [_thread_blocked, id=62008, stack(0x0000006cf4800000,0x0000006cf4900000)]

Other Threads:
  0x000001a6ad0fc800 VMThread "VM Thread" [stack: 0x0000006cef500000,0x0000006cef600000] [id=47932]
  0x000001a6adbdb800 WatcherThread [stack: 0x0000006ceff00000,0x0000006cf0000000] [id=65812]
  0x000001a693528800 GCTaskThread "GC Thread#0" [stack: 0x0000006cef000000,0x0000006cef100000] [id=29324]
  0x000001a6ae38c000 GCTaskThread "GC Thread#1" [stack: 0x0000006cf0100000,0x0000006cf0200000] [id=61400]
  0x000001a6ae1db800 GCTaskThread "GC Thread#2" [stack: 0x0000006cf0200000,0x0000006cf0300000] [id=63020]
  0x000001a6af08e800 GCTaskThread "GC Thread#3" [stack: 0x0000006cf0c00000,0x0000006cf0d00000] [id=46164]
  0x000001a693558000 ConcurrentGCThread "G1 Main Marker" [stack: 0x0000006cef100000,0x0000006cef200000] [id=63192]
  0x000001a69355a000 ConcurrentGCThread "G1 Conc#0" [stack: 0x0000006cef200000,0x0000006cef300000] [id=17328]
  0x000001a6935e7800 ConcurrentGCThread "G1 Refine#0" [stack: 0x0000006cef300000,0x0000006cef400000] [id=63236]
  0x000001a6935e8800 ConcurrentGCThread "G1 Young RemSet Sampling" [stack: 0x0000006cef400000,0x0000006cef500000] [id=69528]

Threads with active compile tasks:
C2 CompilerThread0  73420 6638       4       java.lang.Class::getMethodsRecursive (99 bytes)

VM state:not at safepoint (normal execution)

VM Mutex/Monitor currently owned by a thread: None

Heap address: 0x0000000080000000, size: 2048 MB, Compressed Oops mode: 32-bit
Narrow klass base: 0x0000000000000000, Narrow klass shift: 3
Compressed class space size: 1073741824 Address: 0x0000000100000000

Heap:
 garbage-first heap   total 131072K, used 87294K [0x0000000080000000, 0x0000000100000000)
  region size 1024K, 45 young (46080K), 8 survivors (8192K)
 Metaspace       used 65564K, capacity 67140K, committed 67328K, reserved 1107968K
  class space    used 8365K, capacity 8945K, committed 8960K, reserved 1048576K
Heap Regions: E=young(eden), S=young(survivor), O=old, HS=humongous(starts), HC=humongous(continues), CS=collection set, F=free, A=archive, TAMS=top-at-mark-start (previous, next)
|   0|0x0000000080000000, 0x0000000080100000, 0x0000000080100000|100%| O|  |TAMS 0x0000000080100000, 0x0000000080000000| Untracked 
|   1|0x0000000080100000, 0x0000000080200000, 0x0000000080200000|100%| O|  |TAMS 0x0000000080200000, 0x0000000080100000| Untracked 
|   2|0x0000000080200000, 0x0000000080300000, 0x0000000080300000|100%| O|  |TAMS 0x0000000080300000, 0x0000000080200000| Untracked 
|   3|0x0000000080300000, 0x0000000080400000, 0x0000000080400000|100%|HS|  |TAMS 0x0000000080400000, 0x0000000080300000| Complete 
|   4|0x0000000080400000, 0x0000000080500000, 0x0000000080500000|100%|HC|  |TAMS 0x0000000080500000, 0x0000000080400000| Complete 
|   5|0x0000000080500000, 0x0000000080600000, 0x0000000080600000|100%|HC|  |TAMS 0x0000000080600000, 0x0000000080500000| Complete 
|   6|0x0000000080600000, 0x0000000080700000, 0x0000000080700000|100%| O|  |TAMS 0x0000000080700000, 0x0000000080600000| Untracked 
|   7|0x0000000080700000, 0x0000000080800000, 0x0000000080800000|100%| O|  |TAMS 0x0000000080800000, 0x0000000080700000| Untracked 
|   8|0x0000000080800000, 0x0000000080900000, 0x0000000080900000|100%| O|  |TAMS 0x0000000080900000, 0x0000000080800000| Untracked 
|   9|0x0000000080900000, 0x0000000080a00000, 0x0000000080a00000|100%| O|  |TAMS 0x0000000080a00000, 0x0000000080900000| Untracked 
|  10|0x0000000080a00000, 0x0000000080b00000, 0x0000000080b00000|100%| O|  |TAMS 0x0000000080b00000, 0x0000000080a00000| Untracked 
|  11|0x0000000080b00000, 0x0000000080c00000, 0x0000000080c00000|100%| O|  |TAMS 0x0000000080c00000, 0x0000000080b00000| Untracked 
|  12|0x0000000080c00000, 0x0000000080d00000, 0x0000000080d00000|100%| O|  |TAMS 0x0000000080d00000, 0x0000000080c00000| Untracked 
|  13|0x0000000080d00000, 0x0000000080e00000, 0x0000000080e00000|100%| O|  |TAMS 0x0000000080e00000, 0x0000000080d00000| Untracked 
|  14|0x0000000080e00000, 0x0000000080f00000, 0x0000000080f00000|100%| O|  |TAMS 0x0000000080f00000, 0x0000000080e00000| Untracked 
|  15|0x0000000080f00000, 0x0000000081000000, 0x0000000081000000|100%| O|  |TAMS 0x0000000081000000, 0x0000000080f00000| Untracked 
|  16|0x0000000081000000, 0x0000000081100000, 0x0000000081100000|100%|HS|  |TAMS 0x0000000081100000, 0x0000000081000000| Complete 
|  17|0x0000000081100000, 0x0000000081200000, 0x0000000081200000|100%| O|  |TAMS 0x0000000081200000, 0x0000000081100000| Untracked 
|  18|0x0000000081200000, 0x0000000081300000, 0x0000000081300000|100%| O|  |TAMS 0x0000000081300000, 0x0000000081200000| Untracked 
|  19|0x0000000081300000, 0x0000000081400000, 0x0000000081400000|100%| O|  |TAMS 0x0000000081400000, 0x0000000081300000| Untracked 
|  20|0x0000000081400000, 0x0000000081500000, 0x0000000081500000|100%| O|  |TAMS 0x0000000081500000, 0x0000000081400000| Untracked 
|  21|0x0000000081500000, 0x0000000081600000, 0x0000000081600000|100%| O|  |TAMS 0x0000000081600000, 0x0000000081500000| Untracked 
|  22|0x0000000081600000, 0x0000000081700000, 0x0000000081700000|100%| O|  |TAMS 0x0000000081700000, 0x0000000081600000| Untracked 
|  23|0x0000000081700000, 0x0000000081800000, 0x0000000081800000|100%| O|  |TAMS 0x0000000081800000, 0x0000000081700000| Untracked 
|  24|0x0000000081800000, 0x0000000081900000, 0x0000000081900000|100%| O|  |TAMS 0x0000000081900000, 0x0000000081800000| Untracked 
|  25|0x0000000081900000, 0x0000000081a00000, 0x0000000081a00000|100%| O|  |TAMS 0x0000000081a00000, 0x0000000081900000| Untracked 
|  26|0x0000000081a00000, 0x0000000081b00000, 0x0000000081b00000|100%| O|  |TAMS 0x0000000081b00000, 0x0000000081a00000| Untracked 
|  27|0x0000000081b00000, 0x0000000081c00000, 0x0000000081c00000|100%| O|  |TAMS 0x0000000081c00000, 0x0000000081b00000| Untracked 
|  28|0x0000000081c00000, 0x0000000081d00000, 0x0000000081d00000|100%|HS|  |TAMS 0x0000000081d00000, 0x0000000081c00000| Complete 
|  29|0x0000000081d00000, 0x0000000081e00000, 0x0000000081e00000|100%|HS|  |TAMS 0x0000000081e00000, 0x0000000081d00000| Complete 
|  30|0x0000000081e00000, 0x0000000081f00000, 0x0000000081f00000|100%|HC|  |TAMS 0x0000000081f00000, 0x0000000081e00000| Complete 
|  31|0x0000000081f00000, 0x0000000082000000, 0x0000000082000000|100%| O|  |TAMS 0x0000000082000000, 0x0000000081f00000| Untracked 
|  32|0x0000000082000000, 0x0000000082100000, 0x0000000082100000|100%| O|  |TAMS 0x0000000082100000, 0x0000000082000000| Untracked 
|  33|0x0000000082100000, 0x0000000082200000, 0x0000000082200000|100%| O|  |TAMS 0x0000000082200000, 0x0000000082100000| Untracked 
|  34|0x0000000082200000, 0x0000000082300000, 0x0000000082300000|100%| O|  |TAMS 0x0000000082300000, 0x0000000082200000| Untracked 
|  35|0x0000000082300000, 0x0000000082400000, 0x0000000082400000|100%| O|  |TAMS 0x0000000082400000, 0x0000000082300000| Untracked 
|  36|0x0000000082400000, 0x0000000082500000, 0x0000000082500000|100%| O|  |TAMS 0x0000000082500000, 0x0000000082400000| Untracked 
|  37|0x0000000082500000, 0x0000000082600000, 0x0000000082600000|100%| O|  |TAMS 0x0000000082600000, 0x0000000082500000| Untracked 
|  38|0x0000000082600000, 0x0000000082700000, 0x0000000082700000|100%| O|  |TAMS 0x0000000082700000, 0x0000000082600000| Untracked 
|  39|0x0000000082700000, 0x0000000082800000, 0x0000000082800000|100%| O|  |TAMS 0x0000000082800000, 0x0000000082700000| Untracked 
|  40|0x0000000082800000, 0x0000000082900000, 0x0000000082900000|100%| O|  |TAMS 0x0000000082900000, 0x0000000082800000| Untracked 
|  41|0x0000000082900000, 0x000000008293f800, 0x0000000082a00000| 24%| O|  |TAMS 0x000000008293f800, 0x0000000082900000| Untracked 
|  42|0x0000000082a00000, 0x0000000082b00000, 0x0000000082b00000|100%|HS|  |TAMS 0x0000000082a00000, 0x0000000082a00000| Complete 
|  43|0x0000000082b00000, 0x0000000082b00000, 0x0000000082c00000|  0%| F|  |TAMS 0x0000000082b00000, 0x0000000082b00000| Untracked 
|  44|0x0000000082c00000, 0x0000000082c00000, 0x0000000082d00000|  0%| F|  |TAMS 0x0000000082c00000, 0x0000000082c00000| Untracked 
|  45|0x0000000082d00000, 0x0000000082d00000, 0x0000000082e00000|  0%| F|  |TAMS 0x0000000082d00000, 0x0000000082d00000| Untracked 
|  46|0x0000000082e00000, 0x0000000082e00000, 0x0000000082f00000|  0%| F|  |TAMS 0x0000000082e00000, 0x0000000082e00000| Untracked 
|  47|0x0000000082f00000, 0x0000000082f00000, 0x0000000083000000|  0%| F|  |TAMS 0x0000000082f00000, 0x0000000082f00000| Untracked 
|  48|0x0000000083000000, 0x0000000083000000, 0x0000000083100000|  0%| F|  |TAMS 0x0000000083000000, 0x0000000083000000| Untracked 
|  49|0x0000000083100000, 0x0000000083100000, 0x0000000083200000|  0%| F|  |TAMS 0x0000000083100000, 0x0000000083100000| Untracked 
|  50|0x0000000083200000, 0x0000000083200000, 0x0000000083300000|  0%| F|  |TAMS 0x0000000083200000, 0x0000000083200000| Untracked 
|  51|0x0000000083300000, 0x0000000083300000, 0x0000000083400000|  0%| F|  |TAMS 0x0000000083300000, 0x0000000083300000| Untracked 
|  52|0x0000000083400000, 0x0000000083400000, 0x0000000083500000|  0%| F|  |TAMS 0x0000000083400000, 0x0000000083400000| Untracked 
|  53|0x0000000083500000, 0x0000000083500000, 0x0000000083600000|  0%| F|  |TAMS 0x0000000083500000, 0x0000000083500000| Untracked 
|  54|0x0000000083600000, 0x0000000083600000, 0x0000000083700000|  0%| F|  |TAMS 0x0000000083600000, 0x0000000083600000| Untracked 
|  55|0x0000000083700000, 0x0000000083700000, 0x0000000083800000|  0%| F|  |TAMS 0x0000000083700000, 0x0000000083700000| Untracked 
|  56|0x0000000083800000, 0x0000000083800000, 0x0000000083900000|  0%| F|  |TAMS 0x0000000083800000, 0x0000000083800000| Untracked 
|  57|0x0000000083900000, 0x0000000083900000, 0x0000000083a00000|  0%| F|  |TAMS 0x0000000083900000, 0x0000000083900000| Untracked 
|  58|0x0000000083a00000, 0x0000000083a00000, 0x0000000083b00000|  0%| F|  |TAMS 0x0000000083a00000, 0x0000000083a00000| Untracked 
|  59|0x0000000083b00000, 0x0000000083b00000, 0x0000000083c00000|  0%| F|  |TAMS 0x0000000083b00000, 0x0000000083b00000| Untracked 
|  60|0x0000000083c00000, 0x0000000083c00000, 0x0000000083d00000|  0%| F|  |TAMS 0x0000000083c00000, 0x0000000083c00000| Untracked 
|  61|0x0000000083d00000, 0x0000000083d00000, 0x0000000083e00000|  0%| F|  |TAMS 0x0000000083d00000, 0x0000000083d00000| Untracked 
|  62|0x0000000083e00000, 0x0000000083e00000, 0x0000000083f00000|  0%| F|  |TAMS 0x0000000083e00000, 0x0000000083e00000| Untracked 
|  63|0x0000000083f00000, 0x0000000084000000, 0x0000000084000000|100%| S|CS|TAMS 0x0000000083f00000, 0x0000000083f00000| Complete 
|  64|0x0000000084000000, 0x0000000084100000, 0x0000000084100000|100%| S|CS|TAMS 0x0000000084000000, 0x0000000084000000| Complete 
|  65|0x0000000084100000, 0x0000000084200000, 0x0000000084200000|100%| S|CS|TAMS 0x0000000084100000, 0x0000000084100000| Complete 
|  66|0x0000000084200000, 0x0000000084300000, 0x0000000084300000|100%| S|CS|TAMS 0x0000000084200000, 0x0000000084200000| Complete 
|  67|0x0000000084300000, 0x0000000084400000, 0x0000000084400000|100%| S|CS|TAMS 0x0000000084300000, 0x0000000084300000| Complete 
|  68|0x0000000084400000, 0x0000000084500000, 0x0000000084500000|100%| S|CS|TAMS 0x0000000084400000, 0x0000000084400000| Complete 
|  69|0x0000000084500000, 0x0000000084600000, 0x0000000084600000|100%| S|CS|TAMS 0x0000000084500000, 0x0000000084500000| Complete 
|  70|0x0000000084600000, 0x0000000084700000, 0x0000000084700000|100%| S|CS|TAMS 0x0000000084600000, 0x0000000084600000| Complete 
|  71|0x0000000084700000, 0x0000000084700000, 0x0000000084800000|  0%| F|  |TAMS 0x0000000084700000, 0x0000000084700000| Untracked 
|  72|0x0000000084800000, 0x0000000084800000, 0x0000000084900000|  0%| F|  |TAMS 0x0000000084800000, 0x0000000084800000| Untracked 
|  73|0x0000000084900000, 0x0000000084900000, 0x0000000084a00000|  0%| F|  |TAMS 0x0000000084900000, 0x0000000084900000| Untracked 
|  74|0x0000000084a00000, 0x0000000084a00000, 0x0000000084b00000|  0%| F|  |TAMS 0x0000000084a00000, 0x0000000084a00000| Untracked 
|  75|0x0000000084b00000, 0x0000000084b00000, 0x0000000084c00000|  0%| F|  |TAMS 0x0000000084b00000, 0x0000000084b00000| Untracked 
|  76|0x0000000084c00000, 0x0000000084c00000, 0x0000000084d00000|  0%| F|  |TAMS 0x0000000084c00000, 0x0000000084c00000| Untracked 
|  77|0x0000000084d00000, 0x0000000084d00000, 0x0000000084e00000|  0%| F|  |TAMS 0x0000000084d00000, 0x0000000084d00000| Untracked 
|  78|0x0000000084e00000, 0x0000000084e00000, 0x0000000084f00000|  0%| F|  |TAMS 0x0000000084e00000, 0x0000000084e00000| Untracked 
|  79|0x0000000084f00000, 0x0000000084f00000, 0x0000000085000000|  0%| F|  |TAMS 0x0000000084f00000, 0x0000000084f00000| Untracked 
|  80|0x0000000085000000, 0x0000000085000000, 0x0000000085100000|  0%| F|  |TAMS 0x0000000085000000, 0x0000000085000000| Untracked 
|  81|0x0000000085100000, 0x0000000085100000, 0x0000000085200000|  0%| F|  |TAMS 0x0000000085100000, 0x0000000085100000| Untracked 
|  82|0x0000000085200000, 0x0000000085200000, 0x0000000085300000|  0%| F|  |TAMS 0x0000000085200000, 0x0000000085200000| Untracked 
|  83|0x0000000085300000, 0x0000000085300000, 0x0000000085400000|  0%| F|  |TAMS 0x0000000085300000, 0x0000000085300000| Untracked 
|  84|0x0000000085400000, 0x0000000085400000, 0x0000000085500000|  0%| F|  |TAMS 0x0000000085400000, 0x0000000085400000| Untracked 
|  85|0x0000000085500000, 0x0000000085500000, 0x0000000085600000|  0%| F|  |TAMS 0x0000000085500000, 0x0000000085500000| Untracked 
|  86|0x0000000085600000, 0x0000000085600000, 0x0000000085700000|  0%| F|  |TAMS 0x0000000085600000, 0x0000000085600000| Untracked 
|  87|0x0000000085700000, 0x0000000085700000, 0x0000000085800000|  0%| F|  |TAMS 0x0000000085700000, 0x0000000085700000| Untracked 
|  88|0x0000000085800000, 0x0000000085800000, 0x0000000085900000|  0%| F|  |TAMS 0x0000000085800000, 0x0000000085800000| Untracked 
|  89|0x0000000085900000, 0x0000000085900000, 0x0000000085a00000|  0%| F|  |TAMS 0x0000000085900000, 0x0000000085900000| Untracked 
|  90|0x0000000085a00000, 0x0000000085a00000, 0x0000000085b00000|  0%| F|  |TAMS 0x0000000085a00000, 0x0000000085a00000| Untracked 
|  91|0x0000000085b00000, 0x0000000085c00000, 0x0000000085c00000|100%| E|  |TAMS 0x0000000085b00000, 0x0000000085b00000| Complete 
|  92|0x0000000085c00000, 0x0000000085d00000, 0x0000000085d00000|100%| E|CS|TAMS 0x0000000085c00000, 0x0000000085c00000| Complete 
|  93|0x0000000085d00000, 0x0000000085e00000, 0x0000000085e00000|100%| E|CS|TAMS 0x0000000085d00000, 0x0000000085d00000| Complete 
|  94|0x0000000085e00000, 0x0000000085f00000, 0x0000000085f00000|100%| E|CS|TAMS 0x0000000085e00000, 0x0000000085e00000| Complete 
|  95|0x0000000085f00000, 0x0000000086000000, 0x0000000086000000|100%| E|CS|TAMS 0x0000000085f00000, 0x0000000085f00000| Complete 
|  96|0x0000000086000000, 0x0000000086100000, 0x0000000086100000|100%| E|CS|TAMS 0x0000000086000000, 0x0000000086000000| Complete 
|  97|0x0000000086100000, 0x0000000086200000, 0x0000000086200000|100%| E|CS|TAMS 0x0000000086100000, 0x0000000086100000| Complete 
|  98|0x0000000086200000, 0x0000000086300000, 0x0000000086300000|100%| E|CS|TAMS 0x0000000086200000, 0x0000000086200000| Complete 
|  99|0x0000000086300000, 0x0000000086400000, 0x0000000086400000|100%| E|CS|TAMS 0x0000000086300000, 0x0000000086300000| Complete 
| 100|0x0000000086400000, 0x0000000086500000, 0x0000000086500000|100%| E|CS|TAMS 0x0000000086400000, 0x0000000086400000| Complete 
| 101|0x0000000086500000, 0x0000000086600000, 0x0000000086600000|100%| E|CS|TAMS 0x0000000086500000, 0x0000000086500000| Complete 
| 102|0x0000000086600000, 0x0000000086700000, 0x0000000086700000|100%| E|CS|TAMS 0x0000000086600000, 0x0000000086600000| Complete 
| 103|0x0000000086700000, 0x0000000086800000, 0x0000000086800000|100%| E|CS|TAMS 0x0000000086700000, 0x0000000086700000| Complete 
| 104|0x0000000086800000, 0x0000000086900000, 0x0000000086900000|100%| E|CS|TAMS 0x0000000086800000, 0x0000000086800000| Complete 
| 105|0x0000000086900000, 0x0000000086a00000, 0x0000000086a00000|100%| E|CS|TAMS 0x0000000086900000, 0x0000000086900000| Complete 
| 106|0x0000000086a00000, 0x0000000086b00000, 0x0000000086b00000|100%| E|CS|TAMS 0x0000000086a00000, 0x0000000086a00000| Complete 
| 107|0x0000000086b00000, 0x0000000086c00000, 0x0000000086c00000|100%| E|CS|TAMS 0x0000000086b00000, 0x0000000086b00000| Complete 
| 108|0x0000000086c00000, 0x0000000086d00000, 0x0000000086d00000|100%| E|CS|TAMS 0x0000000086c00000, 0x0000000086c00000| Complete 
| 109|0x0000000086d00000, 0x0000000086e00000, 0x0000000086e00000|100%| E|CS|TAMS 0x0000000086d00000, 0x0000000086d00000| Complete 
| 110|0x0000000086e00000, 0x0000000086f00000, 0x0000000086f00000|100%| E|CS|TAMS 0x0000000086e00000, 0x0000000086e00000| Complete 
| 111|0x0000000086f00000, 0x0000000087000000, 0x0000000087000000|100%| E|CS|TAMS 0x0000000086f00000, 0x0000000086f00000| Complete 
| 112|0x0000000087000000, 0x0000000087100000, 0x0000000087100000|100%| E|CS|TAMS 0x0000000087000000, 0x0000000087000000| Complete 
| 113|0x0000000087100000, 0x0000000087200000, 0x0000000087200000|100%| E|CS|TAMS 0x0000000087100000, 0x0000000087100000| Complete 
| 114|0x0000000087200000, 0x0000000087300000, 0x0000000087300000|100%| E|CS|TAMS 0x0000000087200000, 0x0000000087200000| Complete 
| 115|0x0000000087300000, 0x0000000087400000, 0x0000000087400000|100%| E|CS|TAMS 0x0000000087300000, 0x0000000087300000| Complete 
| 116|0x0000000087400000, 0x0000000087500000, 0x0000000087500000|100%| E|CS|TAMS 0x0000000087400000, 0x0000000087400000| Complete 
| 117|0x0000000087500000, 0x0000000087600000, 0x0000000087600000|100%| E|CS|TAMS 0x0000000087500000, 0x0000000087500000| Complete 
| 118|0x0000000087600000, 0x0000000087700000, 0x0000000087700000|100%| E|CS|TAMS 0x0000000087600000, 0x0000000087600000| Complete 
| 119|0x0000000087700000, 0x0000000087800000, 0x0000000087800000|100%| E|  |TAMS 0x0000000087700000, 0x0000000087700000| Complete 
| 120|0x0000000087800000, 0x0000000087900000, 0x0000000087900000|100%| E|CS|TAMS 0x0000000087800000, 0x0000000087800000| Complete 
| 121|0x0000000087900000, 0x0000000087a00000, 0x0000000087a00000|100%| E|CS|TAMS 0x0000000087900000, 0x0000000087900000| Complete 
| 122|0x0000000087a00000, 0x0000000087b00000, 0x0000000087b00000|100%| E|CS|TAMS 0x0000000087a00000, 0x0000000087a00000| Complete 
| 123|0x0000000087b00000, 0x0000000087c00000, 0x0000000087c00000|100%| E|CS|TAMS 0x0000000087b00000, 0x0000000087b00000| Complete 
| 124|0x0000000087c00000, 0x0000000087d00000, 0x0000000087d00000|100%| E|CS|TAMS 0x0000000087c00000, 0x0000000087c00000| Complete 
| 125|0x0000000087d00000, 0x0000000087e00000, 0x0000000087e00000|100%| E|CS|TAMS 0x0000000087d00000, 0x0000000087d00000| Complete 
| 126|0x0000000087e00000, 0x0000000087f00000, 0x0000000087f00000|100%| E|CS|TAMS 0x0000000087e00000, 0x0000000087e00000| Complete 
| 127|0x0000000087f00000, 0x0000000088000000, 0x0000000088000000|100%| E|CS|TAMS 0x0000000087f00000, 0x0000000087f00000| Complete 

Card table byte_map: [0x000001a6a6420000,0x000001a6a6820000] _byte_map_base: 0x000001a6a6020000

Marking Bits (Prev, Next): (CMBitMap*) 0x000001a69354f0e8, (CMBitMap*) 0x000001a69354f120
 Prev Bits: [0x000001a6a6c20000, 0x000001a6a8c20000)
 Next Bits: [0x000001a6a8c20000, 0x000001a6aac20000)

Polling page: 0x000001a691500000

Metaspace:

Usage:
  Non-class:     56.83 MB capacity,    55.86 MB ( 98%) used,   828.06 KB (  1%) free+waste,   167.50 KB ( <1%) overhead. 
      Class:      8.74 MB capacity,     8.17 MB ( 94%) used,   501.63 KB (  6%) free+waste,    78.31 KB ( <1%) overhead. 
       Both:     65.57 MB capacity,    64.03 MB ( 98%) used,     1.30 MB (  2%) free+waste,   245.81 KB ( <1%) overhead. 

Virtual space:
  Non-class space:       58.00 MB reserved,      57.00 MB ( 98%) committed 
      Class space:        1.00 GB reserved,       8.75 MB ( <1%) committed 
             Both:        1.06 GB reserved,      65.75 MB (  6%) committed 

Chunk freelists:
   Non-Class:  1.00 KB
       Class:  15.00 KB
        Both:  16.00 KB

MaxMetaspaceSize: 17179869184.00 GB
CompressedClassSpaceSize: 1.00 GB
Initial GC threshold: 20.80 MB
Current GC threshold: 106.67 MB
CDS: off

CodeHeap 'non-profiled nmethods': size=120064Kb used=4026Kb max_used=4026Kb free=116037Kb
 bounds [0x000001a69eae0000, 0x000001a69eed0000, 0x000001a6a6020000]
CodeHeap 'profiled nmethods': size=120000Kb used=14188Kb max_used=14188Kb free=105811Kb
 bounds [0x000001a6975b0000, 0x000001a698390000, 0x000001a69eae0000]
CodeHeap 'non-nmethods': size=5696Kb used=2342Kb max_used=2385Kb free=3353Kb
 bounds [0x000001a697020000, 0x000001a697290000, 0x000001a6975b0000]
 total_blobs=7516 nmethods=6664 adapters=764
 compilation: enabled
              stopped_count=0, restarted_count=0
 full_count=0

Compilation events (20 events):
Event: 70.732 Thread 0x000001a6ad12a000 6633       3       java.util.stream.AbstractPipeline::evaluateToArrayNode (78 bytes)
Event: 70.733 Thread 0x000001a6ad12a000 nmethod 6633 0x000001a698365410 code [0x000001a698365640, 0x000001a698365bd8]
Event: 70.733 Thread 0x000001a6ad12a000 6634       3       java.util.stream.Nodes::flatten (70 bytes)
Event: 70.733 Thread 0x000001a6ad12a000 nmethod 6634 0x000001a698365d90 code [0x000001a698365fe0, 0x000001a6983667f8]
Event: 70.733 Thread 0x000001a6ad12a000 6630       3       java.util.stream.AbstractPipeline::exactOutputSizeIfKnown (26 bytes)
Event: 70.734 Thread 0x000001a6ad12a000 nmethod 6630 0x000001a698366b10 code [0x000001a698366ce0, 0x000001a698366fe8]
Event: 70.734 Thread 0x000001a6ad12a000 6631       3       java.util.stream.ReferencePipeline::makeNodeBuilder (6 bytes)
Event: 70.734 Thread 0x000001a6ad12a000 nmethod 6631 0x000001a698367110 code [0x000001a698367320, 0x000001a698367968]
Event: 70.734 Thread 0x000001a6ad12a000 6632       3       java.util.stream.Nodes::builder (30 bytes)
Event: 70.735 Thread 0x000001a6ad12a000 nmethod 6632 0x000001a698367b90 code [0x000001a698367da0, 0x000001a698368388]
Event: 70.736 Thread 0x000001a6ad12a000 6635       3       jdk.internal.loader.URLClassPath::findResource (38 bytes)
Event: 70.737 Thread 0x000001a6ad12a000 nmethod 6635 0x000001a698368590 code [0x000001a698368760, 0x000001a698368a78]
Event: 70.739 Thread 0x000001a6ad12a000 6636       3       org.gradle.api.internal.collections.AbstractIterationOrderRetainingElementSource$RealizedElementCollectionIterator::updateNext (157 bytes)
Event: 70.740 Thread 0x000001a6ad12a000 nmethod 6636 0x000001a698368b90 code [0x000001a698368e40, 0x000001a698369d18]
Event: 70.740 Thread 0x000001a6ad12a000 6637       3       org.gradle.api.internal.collections.AbstractIterationOrderRetainingElementSource$RealizedElementCollectionIterator::hasNext (13 bytes)
Event: 70.740 Thread 0x000001a6ad12a000 nmethod 6637 0x000001a69836a190 code [0x000001a69836a340, 0x000001a69836a498]
Event: 70.741 Thread 0x000001a6ad126800 nmethod 6626 0x000001a69eeb8190 code [0x000001a69eeb83a0, 0x000001a69eeb8a80]
Event: 70.741 Thread 0x000001a6ad126800 6628       4       sun.reflect.generics.tree.SimpleClassTypeSignature::make (11 bytes)
Event: 70.744 Thread 0x000001a6ad126800 nmethod 6628 0x000001a69eeb8e90 code [0x000001a69eeb9020, 0x000001a69eeb9238]
Event: 70.745 Thread 0x000001a6ad126800 6638       4       java.lang.Class::getMethodsRecursive (99 bytes)

GC Heap History (20 events):
Event: 9.152 GC heap before
{Heap before GC invocations=3 (full 0):
 garbage-first heap   total 131072K, used 59304K [0x0000000080000000, 0x0000000100000000)
  region size 1024K, 51 young (52224K), 5 survivors (5120K)
 Metaspace       used 18511K, capacity 18882K, committed 19072K, reserved 1067008K
  class space    used 2209K, capacity 2341K, committed 2432K, reserved 1048576K
}
Event: 9.162 GC heap after
{Heap after GC invocations=4 (full 0):
 garbage-first heap   total 131072K, used 16520K [0x0000000080000000, 0x0000000100000000)
  region size 1024K, 7 young (7168K), 7 survivors (7168K)
 Metaspace       used 18511K, capacity 18882K, committed 19072K, reserved 1067008K
  class space    used 2209K, capacity 2341K, committed 2432K, reserved 1048576K
}
Event: 12.806 GC heap before
{Heap before GC invocations=4 (full 0):
 garbage-first heap   total 131072K, used 38024K [0x0000000080000000, 0x0000000100000000)
  region size 1024K, 29 young (29696K), 7 survivors (7168K)
 Metaspace       used 20772K, capacity 21142K, committed 21248K, reserved 1067008K
  class space    used 2549K, capacity 2711K, committed 2816K, reserved 1048576K
}
Event: 12.813 GC heap after
{Heap after GC invocations=5 (full 0):
 garbage-first heap   total 131072K, used 17240K [0x0000000080000000, 0x0000000100000000)
  region size 1024K, 6 young (6144K), 6 survivors (6144K)
 Metaspace       used 20772K, capacity 21142K, committed 21248K, reserved 1067008K
  class space    used 2549K, capacity 2711K, committed 2816K, reserved 1048576K
}
Event: 15.631 GC heap before
{Heap before GC invocations=6 (full 0):
 garbage-first heap   total 131072K, used 67416K [0x0000000080000000, 0x0000000100000000)
  region size 1024K, 55 young (56320K), 6 survivors (6144K)
 Metaspace       used 25933K, capacity 26455K, committed 26624K, reserved 1073152K
  class space    used 3351K, capacity 3551K, committed 3584K, reserved 1048576K
}
Event: 15.639 GC heap after
{Heap after GC invocations=7 (full 0):
 garbage-first heap   total 131072K, used 19300K [0x0000000080000000, 0x0000000100000000)
  region size 1024K, 3 young (3072K), 3 survivors (3072K)
 Metaspace       used 25933K, capacity 26455K, committed 26624K, reserved 1073152K
  class space    used 3351K, capacity 3551K, committed 3584K, reserved 1048576K
}
Event: 20.170 GC heap before
{Heap before GC invocations=7 (full 0):
 garbage-first heap   total 131072K, used 81764K [0x0000000080000000, 0x0000000100000000)
  region size 1024K, 65 young (66560K), 3 survivors (3072K)
 Metaspace       used 34985K, capacity 35790K, committed 35840K, reserved 1081344K
  class space    used 4537K, capacity 4839K, committed 4864K, reserved 1048576K
}
Event: 20.184 GC heap after
{Heap after GC invocations=8 (full 0):
 garbage-first heap   total 131072K, used 22275K [0x0000000080000000, 0x0000000100000000)
  region size 1024K, 6 young (6144K), 6 survivors (6144K)
 Metaspace       used 34985K, capacity 35790K, committed 35840K, reserved 1081344K
  class space    used 4537K, capacity 4839K, committed 4864K, reserved 1048576K
}
Event: 24.380 GC heap before
{Heap before GC invocations=9 (full 0):
 garbage-first heap   total 131072K, used 87811K [0x0000000080000000, 0x0000000100000000)
  region size 1024K, 68 young (69632K), 6 survivors (6144K)
 Metaspace       used 39971K, capacity 40915K, committed 41088K, reserved 1085440K
  class space    used 5117K, capacity 5434K, committed 5504K, reserved 1048576K
}
Event: 24.404 GC heap after
{Heap after GC invocations=10 (full 0):
 garbage-first heap   total 131072K, used 27469K [0x0000000080000000, 0x0000000100000000)
  region size 1024K, 9 young (9216K), 9 survivors (9216K)
 Metaspace       used 39971K, capacity 40915K, committed 41088K, reserved 1085440K
  class space    used 5117K, capacity 5434K, committed 5504K, reserved 1048576K
}
Event: 26.937 GC heap before
{Heap before GC invocations=10 (full 0):
 garbage-first heap   total 131072K, used 90957K [0x0000000080000000, 0x0000000100000000)
  region size 1024K, 70 young (71680K), 9 survivors (9216K)
 Metaspace       used 45499K, capacity 46553K, committed 46720K, reserved 1089536K
  class space    used 5858K, capacity 6238K, committed 6272K, reserved 1048576K
}
Event: 26.954 GC heap after
{Heap after GC invocations=11 (full 0):
 garbage-first heap   total 131072K, used 30244K [0x0000000080000000, 0x0000000100000000)
  region size 1024K, 4 young (4096K), 4 survivors (4096K)
 Metaspace       used 45499K, capacity 46553K, committed 46720K, reserved 1089536K
  class space    used 5858K, capacity 6238K, committed 6272K, reserved 1048576K
}
Event: 49.465 GC heap before
{Heap before GC invocations=11 (full 0):
 garbage-first heap   total 131072K, used 96804K [0x0000000080000000, 0x0000000100000000)
  region size 1024K, 66 young (67584K), 4 survivors (4096K)
 Metaspace       used 48592K, capacity 49864K, committed 49920K, reserved 1093632K
  class space    used 6207K, capacity 6631K, committed 6656K, reserved 1048576K
}
Event: 49.476 GC heap after
{Heap after GC invocations=12 (full 0):
 garbage-first heap   total 131072K, used 41984K [0x0000000080000000, 0x0000000100000000)
  region size 1024K, 9 young (9216K), 9 survivors (9216K)
 Metaspace       used 48592K, capacity 49864K, committed 49920K, reserved 1093632K
  class space    used 6207K, capacity 6631K, committed 6656K, reserved 1048576K
}
Event: 55.673 GC heap before
{Heap before GC invocations=12 (full 0):
 garbage-first heap   total 131072K, used 97280K [0x0000000080000000, 0x0000000100000000)
  region size 1024K, 63 young (64512K), 9 survivors (9216K)
 Metaspace       used 55495K, capacity 56889K, committed 57088K, reserved 1099776K
  class space    used 7072K, capacity 7572K, committed 7680K, reserved 1048576K
}
Event: 55.688 GC heap after
{Heap after GC invocations=13 (full 0):
 garbage-first heap   total 131072K, used 45456K [0x0000000080000000, 0x0000000100000000)
  region size 1024K, 4 young (4096K), 4 survivors (4096K)
 Metaspace       used 55495K, capacity 56889K, committed 57088K, reserved 1099776K
  class space    used 7072K, capacity 7572K, committed 7680K, reserved 1048576K
}
Event: 58.486 GC heap before
{Heap before GC invocations=13 (full 0):
 garbage-first heap   total 131072K, used 64912K [0x0000000080000000, 0x0000000100000000)
  region size 1024K, 24 young (24576K), 4 survivors (4096K)
 Metaspace       used 58282K, capacity 59742K, committed 59948K, reserved 1101824K
  class space    used 7425K, capacity 7965K, committed 8064K, reserved 1048576K
}
Event: 58.494 GC heap after
{Heap after GC invocations=14 (full 0):
 garbage-first heap   total 131072K, used 45957K [0x0000000080000000, 0x0000000100000000)
  region size 1024K, 4 young (4096K), 4 survivors (4096K)
 Metaspace       used 58282K, capacity 59742K, committed 59948K, reserved 1101824K
  class space    used 7425K, capacity 7965K, committed 8064K, reserved 1048576K
}
Event: 65.526 GC heap before
{Heap before GC invocations=15 (full 0):
 garbage-first heap   total 131072K, used 99205K [0x0000000080000000, 0x0000000100000000)
  region size 1024K, 57 young (58368K), 4 survivors (4096K)
 Metaspace       used 63879K, capacity 65435K, committed 65536K, reserved 1105920K
  class space    used 8100K, capacity 8663K, committed 8704K, reserved 1048576K
}
Event: 65.542 GC heap after
{Heap after GC invocations=16 (full 0):
 garbage-first heap   total 131072K, used 50430K [0x0000000080000000, 0x0000000100000000)
  region size 1024K, 8 young (8192K), 8 survivors (8192K)
 Metaspace       used 63879K, capacity 65435K, committed 65536K, reserved 1105920K
  class space    used 8100K, capacity 8663K, committed 8704K, reserved 1048576K
}

Deoptimization events (20 events):
Event: 67.477 Thread 0x000001a6b01f7800 Uncommon trap: trap_request=0xffffff4d fr.pc=0x000001a69eb1326c relative=0x00000000000000cc
Event: 67.477 Thread 0x000001a6b01f7800 Uncommon trap: reason=unstable_if action=reinterpret pc=0x000001a69eb1326c method=java.lang.String.getBytes([BIB)V @ 5 c2
Event: 67.477 Thread 0x000001a6b01f7800 DEOPT PACKING pc=0x000001a69eb1326c sp=0x0000006cf08f6ef0
Event: 67.477 Thread 0x000001a6b01f7800 DEOPT UNPACKING pc=0x000001a69706a1af sp=0x0000006cf08f6eb8 mode 2
Event: 70.605 Thread 0x000001a6b01f7800 Uncommon trap: trap_request=0xffffffde fr.pc=0x000001a69ecc219c relative=0x00000000000013dc
Event: 70.605 Thread 0x000001a6b01f7800 Uncommon trap: reason=class_check action=maybe_recompile pc=0x000001a69ecc219c method=org.codehaus.groovy.reflection.ParameterTypes.getParametersTypes0()V @ 16 c2
Event: 70.605 Thread 0x000001a6b01f7800 DEOPT PACKING pc=0x000001a69ecc219c sp=0x0000006cf08f62e0
Event: 70.605 Thread 0x000001a6b01f7800 DEOPT UNPACKING pc=0x000001a69706a1af sp=0x0000006cf08f62a8 mode 2
Event: 70.717 Thread 0x000001a6b01f7800 Uncommon trap: trap_request=0xffffff4d fr.pc=0x000001a69ee5a328 relative=0x0000000000001708
Event: 70.717 Thread 0x000001a6b01f7800 Uncommon trap: reason=unstable_if action=reinterpret pc=0x000001a69ee5a328 method=java.lang.ClassLoader.checkCerts(Ljava/lang/String;Ljava/security/CodeSource;)V @ 29 c2
Event: 70.717 Thread 0x000001a6b01f7800 DEOPT PACKING pc=0x000001a69ee5a328 sp=0x0000006cf08f78a0
Event: 70.718 Thread 0x000001a6b01f7800 DEOPT UNPACKING pc=0x000001a69706a1af sp=0x0000006cf08f7808 mode 2
Event: 70.718 Thread 0x000001a6b01f7800 Uncommon trap: trap_request=0xffffff4d fr.pc=0x000001a69edc910c relative=0x0000000000000bcc
Event: 70.718 Thread 0x000001a6b01f7800 Uncommon trap: reason=unstable_if action=reinterpret pc=0x000001a69edc910c method=java.lang.ClassLoader.loadClass(Ljava/lang/String;Z)Ljava/lang/Class; @ 29 c2
Event: 70.718 Thread 0x000001a6b01f7800 DEOPT PACKING pc=0x000001a69edc910c sp=0x0000006cf08f7300
Event: 70.718 Thread 0x000001a6b01f7800 DEOPT UNPACKING pc=0x000001a69706a1af sp=0x0000006cf08f72c8 mode 2
Event: 70.729 Thread 0x000001a6b01f7800 Uncommon trap: trap_request=0xffffff4d fr.pc=0x000001a69eeb40bc relative=0x000000000000089c
Event: 70.729 Thread 0x000001a6b01f7800 Uncommon trap: reason=unstable_if action=reinterpret pc=0x000001a69eeb40bc method=com.sun.beans.introspect.MethodInfo$MethodOrder.compare(Ljava/lang/reflect/Method;Ljava/lang/reflect/Method;)I @ 124 c2
Event: 70.729 Thread 0x000001a6b01f7800 DEOPT PACKING pc=0x000001a69eeb40bc sp=0x0000006cf08f72c0
Event: 70.729 Thread 0x000001a6b01f7800 DEOPT UNPACKING pc=0x000001a69706a1af sp=0x0000006cf08f71f0 mode 2

Classes redefined (0 events):
No events

Internal exceptions (20 events):
Event: 70.512 Thread 0x000001a6b01f7800 Exception <a 'java/lang/ClassNotFoundException'{0x0000000086ceb9e0}: com/google/gms/googleservices/GoogleServicesPlugin$PluginTypeBeanInfo> (0x0000000086ceb9e0) thrown at [./src/hotspot/share/classfile/systemDictionary.cpp, line 231]
Event: 70.513 Thread 0x000001a6b01f7800 Exception <a 'java/lang/ClassNotFoundException'{0x0000000086b062f8}: com/google/gms/googleservices/GoogleServicesPlugin$PluginTypeCustomizer> (0x0000000086b062f8) thrown at [./src/hotspot/share/classfile/systemDictionary.cpp, line 231]
Event: 70.607 Thread 0x000001a6b01f7800 Exception <a 'java/lang/ClassNotFoundException'{0x0000000086b385b0}: groovy/runtime/metaclass/[Lcom/google/gms/googleservices/GoogleServicesPlugin$PluginType;MetaClass> (0x0000000086b385b0) thrown at [./src/hotspot/share/prims/jni.cpp, line 636]
Event: 70.608 Thread 0x000001a6b01f7800 Exception <a 'java/lang/ClassNotFoundException'{0x0000000086b40a00}: [Lcom/google/gms/googleservices/GoogleServicesPlugin$PluginType;BeanInfo> (0x0000000086b40a00) thrown at [./src/hotspot/share/prims/jni.cpp, line 636]
Event: 70.608 Thread 0x000001a6b01f7800 Exception <a 'java/lang/ClassNotFoundException'{0x0000000086b41d30}: [Lcom/google/gms/googleservices/GoogleServicesPlugin$PluginType;BeanInfo> (0x0000000086b41d30) thrown at [./src/hotspot/share/prims/jni.cpp, line 636]
Event: 70.608 Thread 0x000001a6b01f7800 Exception <a 'java/lang/ClassNotFoundException'{0x0000000086b43060}: [Lcom/google/gms/googleservices/GoogleServicesPlugin$PluginType;BeanInfo> (0x0000000086b43060) thrown at [./src/hotspot/share/prims/jni.cpp, line 636]
Event: 70.608 Thread 0x000001a6b01f7800 Exception <a 'java/lang/ClassNotFoundException'{0x0000000086b444a0}: [Lcom/google/gms/googleservices/GoogleServicesPlugin$PluginType;Customizer> (0x0000000086b444a0) thrown at [./src/hotspot/share/prims/jni.cpp, line 636]
Event: 70.608 Thread 0x000001a6b01f7800 Exception <a 'java/lang/ClassNotFoundException'{0x0000000086b457d8}: [Lcom/google/gms/googleservices/GoogleServicesPlugin$PluginType;Customizer> (0x0000000086b457d8) thrown at [./src/hotspot/share/prims/jni.cpp, line 636]
Event: 70.608 Thread 0x000001a6b01f7800 Exception <a 'java/lang/ClassNotFoundException'{0x0000000086b46b10}: [Lcom/google/gms/googleservices/GoogleServicesPlugin$PluginType;Customizer> (0x0000000086b46b10) thrown at [./src/hotspot/share/prims/jni.cpp, line 636]
Event: 70.714 Thread 0x000001a6b01f7800 Exception <a 'java/lang/ClassNotFoundException'{0x0000000086a7ad50}: java/util/ArrayListBeanInfo> (0x0000000086a7ad50) thrown at [./src/hotspot/share/classfile/systemDictionary.cpp, line 231]
Event: 70.714 Thread 0x000001a6b01f7800 Exception <a 'java/lang/ClassNotFoundException'{0x0000000086a86bc8}: java/util/AbstractListBeanInfo> (0x0000000086a86bc8) thrown at [./src/hotspot/share/classfile/systemDictionary.cpp, line 231]
Event: 70.715 Thread 0x000001a6b01f7800 Exception <a 'java/lang/ClassNotFoundException'{0x0000000086a927f8}: java/util/AbstractListCustomizer> (0x0000000086a927f8) thrown at [./src/hotspot/share/classfile/systemDictionary.cpp, line 231]
Event: 70.716 Thread 0x000001a6b01f7800 Exception <a 'java/lang/ClassNotFoundException'{0x0000000086aa8e90}: java/util/ArrayListCustomizer> (0x0000000086aa8e90) thrown at [./src/hotspot/share/classfile/systemDictionary.cpp, line 231]
Event: 70.717 Thread 0x000001a6b01f7800 Implicit null exception at 0x000001a69ee590e4 to 0x000001a69ee5a2fc
Event: 70.724 Thread 0x000001a6b01f7800 Exception <a 'java/lang/ClassNotFoundException'{0x0000000086840898}: org/gradle/api/internal/plugins/DefaultPluginContainerBeanInfo> (0x0000000086840898) thrown at [./src/hotspot/share/classfile/systemDictionary.cpp, line 231]
Event: 70.725 Thread 0x000001a6b01f7800 Exception <a 'java/lang/ClassNotFoundException'{0x0000000086872090}: org/gradle/api/internal/plugins/DefaultPluginCollectionBeanInfo> (0x0000000086872090) thrown at [./src/hotspot/share/classfile/systemDictionary.cpp, line 231]
Event: 70.726 Thread 0x000001a6b01f7800 Exception <a 'java/lang/ClassNotFoundException'{0x00000000868a0da8}: org/gradle/api/internal/DefaultDomainObjectSetBeanInfo> (0x00000000868a0da8) thrown at [./src/hotspot/share/classfile/systemDictionary.cpp, line 231]
Event: 70.727 Thread 0x000001a6b01f7800 Exception <a 'java/lang/ClassNotFoundException'{0x00000000868cf970}: org/gradle/api/internal/DefaultDomainObjectSetCustomizer> (0x00000000868cf970) thrown at [./src/hotspot/share/classfile/systemDictionary.cpp, line 231]
Event: 70.728 Thread 0x000001a6b01f7800 Exception <a 'java/lang/ClassNotFoundException'{0x000000008670eb20}: org/gradle/api/internal/plugins/DefaultPluginCollectionCustomizer> (0x000000008670eb20) thrown at [./src/hotspot/share/classfile/systemDictionary.cpp, line 231]
Event: 70.730 Thread 0x000001a6b01f7800 Exception <a 'java/lang/ClassNotFoundException'{0x0000000086768e80}: org/gradle/api/internal/plugins/DefaultPluginContainerCustomizer> (0x0000000086768e80) thrown at [./src/hotspot/share/classfile/systemDictionary.cpp, line 231]

Events (20 events):
Event: 70.730 loading class org/gradle/api/internal/plugins/DefaultPluginContainerCustomizer
Event: 70.730 loading class org/gradle/api/internal/plugins/DefaultPluginContainerCustomizer done
Event: 70.738 loading class org/gradle/api/internal/plugins/DefaultPluginContainer$1
Event: 70.738 loading class org/gradle/api/internal/plugins/DefaultPluginContainer$1 done
Event: 70.739 loading class org/codehaus/groovy/runtime/dgm$449
Event: 70.739 loading class org/codehaus/groovy/runtime/dgm$449 done
Event: 70.741 loading class groovy/lang/GroovySystem
Event: 70.741 loading class groovy/lang/GroovySystem done
Event: 70.741 loading class groovy/lang/MetaClassRegistry
Event: 70.741 loading class groovy/lang/MetaClassRegistry done
Event: 70.741 loading class groovy/runtime/metaclass/com/android/build/gradle/internal/dsl/BaseAppModuleExtension_DecoratedMetaClass
Event: 70.741 loading class groovy/runtime/metaclass/com/android/build/gradle/internal/dsl/BaseAppModuleExtension_DecoratedMetaClass done
Event: 70.759 loading class org/gradle/api/DomainObjectCollection
Event: 70.759 loading class org/gradle/api/DomainObjectCollection done
Event: 70.759 loading class com/android/build/gradle/api/SourceKind
Event: 70.759 loading class com/android/build/gradle/api/SourceKind done
Event: 70.889 loading class com/android/build/gradle/tasks/AidlCompile
Event: 70.889 loading class com/android/build/gradle/tasks/AidlCompile done
Event: 71.375 loading class com/android/build/gradle/internal/tasks/NonIncrementalTask
Event: 71.375 loading class com/android/build/gradle/internal/tasks/NonIncrementalTask done


Dynamic libraries:
0x00007ff623e60000 - 0x00007ff623e6a000 	C:\Program Files\Android\Android Studio\jre\bin\java.exe
0x00007ffd5ed10000 - 0x00007ffd5ef08000 	C:\Windows\SYSTEM32\ntdll.dll
0x00007ffd5da90000 - 0x00007ffd5db4d000 	C:\Windows\System32\KERNEL32.DLL
0x00007ffd5c890000 - 0x00007ffd5cb5e000 	C:\Windows\System32\KERNELBASE.dll
0x00007ffd5cc10000 - 0x00007ffd5cd10000 	C:\Windows\System32\ucrtbase.dll
0x00007ffd38460000 - 0x00007ffd38479000 	C:\Program Files\Android\Android Studio\jre\bin\jli.dll
0x00007ffd5e4b0000 - 0x00007ffd5e650000 	C:\Windows\System32\USER32.dll
0x00007ffd5cd10000 - 0x00007ffd5cd32000 	C:\Windows\System32\win32u.dll
0x00007ffd502f0000 - 0x00007ffd5058a000 	C:\Windows\WinSxS\amd64_microsoft.windows.common-controls_6595b64144ccf1df_6.0.19041.1110_none_60b5254171f9507e\COMCTL32.dll
0x00007ffd5d520000 - 0x00007ffd5d54a000 	C:\Windows\System32\GDI32.dll
0x00007ffd5c780000 - 0x00007ffd5c88b000 	C:\Windows\System32\gdi32full.dll
0x00007ffd5c430000 - 0x00007ffd5c4cd000 	C:\Windows\System32\msvcp_win.dll
0x00007ffd37c80000 - 0x00007ffd37c97000 	C:\Program Files\Android\Android Studio\jre\bin\VCRUNTIME140.dll
0x00007ffd5ebb0000 - 0x00007ffd5ec4e000 	C:\Windows\System32\msvcrt.dll
0x00007ffd5eb80000 - 0x00007ffd5ebb0000 	C:\Windows\System32\IMM32.DLL
0x00007ffd25d20000 - 0x00007ffd25dbd000 	C:\Program Files\Android\Android Studio\jre\bin\msvcp140.dll
0x00007ffd0fd00000 - 0x00007ffd107e5000 	C:\Program Files\Android\Android Studio\jre\bin\server\jvm.dll
0x00007ffd5d8b0000 - 0x00007ffd5d95e000 	C:\Windows\System32\ADVAPI32.dll
0x00007ffd5de40000 - 0x00007ffd5dedc000 	C:\Windows\System32\sechost.dll
0x00007ffd5d960000 - 0x00007ffd5da85000 	C:\Windows\System32\RPCRT4.dll
0x00007ffd5dc10000 - 0x00007ffd5dc18000 	C:\Windows\System32\PSAPI.DLL
0x00007ffd50680000 - 0x00007ffd506a7000 	C:\Windows\SYSTEM32\WINMM.dll
0x00007ffd52820000 - 0x00007ffd5282a000 	C:\Windows\SYSTEM32\VERSION.dll
0x00007ffd49620000 - 0x00007ffd49629000 	C:\Windows\SYSTEM32\WSOCK32.dll
0x00007ffd5dc20000 - 0x00007ffd5dc8b000 	C:\Windows\System32\ws2_32.DLL
0x00007ffd5a3c0000 - 0x00007ffd5a3d2000 	C:\Windows\SYSTEM32\kernel.appcore.dll
0x00007ffd32630000 - 0x00007ffd32641000 	C:\Program Files\Android\Android Studio\jre\bin\verify.dll
0x00007ffd49f60000 - 0x00007ffd4a144000 	C:\Windows\SYSTEM32\DBGHELP.DLL
0x00007ffd49d40000 - 0x00007ffd49d6c000 	C:\Windows\SYSTEM32\dbgcore.DLL
0x00007ffd5c4d0000 - 0x00007ffd5c552000 	C:\Windows\System32\bcryptPrimitives.dll
0x00007ffd0bc00000 - 0x00007ffd0bc29000 	C:\Program Files\Android\Android Studio\jre\bin\java.dll
0x00007ffd2d490000 - 0x00007ffd2d49b000 	C:\Program Files\Android\Android Studio\jre\bin\jimage.dll
0x00007ffd0e070000 - 0x00007ffd0e088000 	C:\Program Files\Android\Android Studio\jre\bin\zip.dll
0x00007ffd5cd70000 - 0x00007ffd5d4b4000 	C:\Windows\System32\SHELL32.dll
0x00007ffd5a530000 - 0x00007ffd5acc4000 	C:\Windows\SYSTEM32\windows.storage.dll
0x00007ffd5e6e0000 - 0x00007ffd5ea34000 	C:\Windows\System32\combase.dll
0x00007ffd5bdc0000 - 0x00007ffd5bdf0000 	C:\Windows\SYSTEM32\Wldp.dll
0x00007ffd5d6e0000 - 0x00007ffd5d78d000 	C:\Windows\System32\SHCORE.dll
0x00007ffd5ec70000 - 0x00007ffd5ecc5000 	C:\Windows\System32\shlwapi.dll
0x00007ffd5c370000 - 0x00007ffd5c38f000 	C:\Windows\SYSTEM32\profapi.dll
0x00007ffd0b1d0000 - 0x00007ffd0b1ea000 	C:\Program Files\Android\Android Studio\jre\bin\net.dll
0x00007ffd56c30000 - 0x00007ffd56d3a000 	C:\Windows\SYSTEM32\WINHTTP.dll
0x00007ffd5bb20000 - 0x00007ffd5bb8a000 	C:\Windows\system32\mswsock.dll
0x00007ffd0b1b0000 - 0x00007ffd0b1c4000 	C:\Program Files\Android\Android Studio\jre\bin\nio.dll
0x00007ffd37b50000 - 0x00007ffd37b77000 	C:\Users\hanan\.gradle\native\e1d6ef7f7dcc3fd88c89a11ec53ec762bb8ba0a96d01ffa2cd45eb1d1d8dd5c5\windows-amd64\native-platform.dll
0x00007ffd23ae0000 - 0x00007ffd23c24000 	C:\Users\hanan\.gradle\native\5664cfc778a61ccfe75a443a1ab52a65af34e5dc3c78e0209fed803814484fcb\windows-amd64\native-platform-file-events.dll
0x00007ffd38450000 - 0x00007ffd3845a000 	C:\Program Files\Android\Android Studio\jre\bin\management.dll
0x00007ffd127c0000 - 0x00007ffd127cd000 	C:\Program Files\Android\Android Studio\jre\bin\management_ext.dll
0x00007ffd5bd10000 - 0x00007ffd5bd28000 	C:\Windows\SYSTEM32\CRYPTSP.dll
0x00007ffd5b4a0000 - 0x00007ffd5b4d4000 	C:\Windows\system32\rsaenh.dll
0x00007ffd5cd40000 - 0x00007ffd5cd67000 	C:\Windows\System32\bcrypt.dll
0x00007ffd5c2f0000 - 0x00007ffd5c31e000 	C:\Windows\SYSTEM32\USERENV.dll
0x00007ffd5bd30000 - 0x00007ffd5bd3c000 	C:\Windows\SYSTEM32\CRYPTBASE.dll
0x00007ffd5b810000 - 0x00007ffd5b84b000 	C:\Windows\SYSTEM32\IPHLPAPI.DLL
0x00007ffd5db50000 - 0x00007ffd5db58000 	C:\Windows\System32\NSI.dll
0x00007ffd55b20000 - 0x00007ffd55b37000 	C:\Windows\SYSTEM32\dhcpcsvc6.DLL
0x00007ffd55d80000 - 0x00007ffd55d9d000 	C:\Windows\SYSTEM32\dhcpcsvc.DLL
0x00007ffd5b850000 - 0x00007ffd5b91b000 	C:\Windows\SYSTEM32\DNSAPI.dll

dbghelp: loaded successfully - version: 4.0.5 - missing functions: none
symbol engine: initialized successfully - sym options: 0x614 - pdb path: .;C:\Program Files\Android\Android Studio\jre\bin;C:\Windows\SYSTEM32;C:\Windows\WinSxS\amd64_microsoft.windows.common-controls_6595b64144ccf1df_6.0.19041.1110_none_60b5254171f9507e;C:\Program Files\Android\Android Studio\jre\bin\server;C:\Users\hanan\.gradle\native\e1d6ef7f7dcc3fd88c89a11ec53ec762bb8ba0a96d01ffa2cd45eb1d1d8dd5c5\windows-amd64;C:\Users\hanan\.gradle\native\5664cfc778a61ccfe75a443a1ab52a65af34e5dc3c78e0209fed803814484fcb\windows-amd64

VM Arguments:
jvm_args: --add-opens=java.base/java.util=ALL-UNNAMED --add-opens=java.base/java.lang=ALL-UNNAMED --add-opens=java.base/java.lang.invoke=ALL-UNNAMED --add-opens=java.base/java.util=ALL-UNNAMED --add-opens=java.prefs/java.util.prefs=ALL-UNNAMED --add-opens=java.prefs/java.util.prefs=ALL-UNNAMED --add-opens=java.base/java.nio.charset=ALL-UNNAMED --add-opens=java.base/java.net=ALL-UNNAMED --add-opens=java.base/java.util.concurrent.atomic=ALL-UNNAMED -Xmx2048m -Dfile.encoding=UTF-8 -Duser.country=US -Duser.language=en -Duser.variant 
java_command: org.gradle.launcher.daemon.bootstrap.GradleDaemon 7.3.3
java_class_path (initial): C:\Users\hanan\.gradle\wrapper\dists\gradle-7.3.3-bin\6a41zxkdtcxs8rphpq6y0069z\gradle-7.3.3\lib\gradle-launcher-7.3.3.jar
Launcher Type: SUN_STANDARD

[Global flags]
     intx CICompilerCount                          = 3                                         {product} {ergonomic}
     uint ConcGCThreads                            = 1                                         {product} {ergonomic}
     uint G1ConcRefinementThreads                  = 4                                         {product} {ergonomic}
   size_t G1HeapRegionSize                         = 1048576                                   {product} {ergonomic}
    uintx GCDrainStackTargetSize                   = 64                                        {product} {ergonomic}
   size_t InitialHeapSize                          = 134217728                                 {product} {ergonomic}
   size_t MarkStackSize                            = 4194304                                   {product} {ergonomic}
   size_t MaxHeapSize                              = 2147483648                                {product} {command line}
   size_t MaxNewSize                               = 1287651328                                {product} {ergonomic}
   size_t MinHeapDeltaBytes                        = 1048576                                   {product} {ergonomic}
    uintx NonNMethodCodeHeapSize                   = 5830732                                {pd product} {ergonomic}
    uintx NonProfiledCodeHeapSize                  = 122913754                              {pd product} {ergonomic}
    uintx ProfiledCodeHeapSize                     = 122913754                              {pd product} {ergonomic}
    uintx ReservedCodeCacheSize                    = 251658240                              {pd product} {ergonomic}
     bool SegmentedCodeCache                       = true                                      {product} {ergonomic}
     bool UseCompressedClassPointers               = true                                 {lp64_product} {ergonomic}
     bool UseCompressedOops                        = true                                 {lp64_product} {ergonomic}
     bool UseG1GC                                  = true                                      {product} {ergonomic}
     bool UseLargePagesIndividualAllocation        = false                                  {pd product} {ergonomic}

Logging:
Log output configuration:
 #0: stdout all=warning uptime,level,tags
 #1: stderr all=off uptime,level,tags

Environment Variables:
PATH=C:\Windows\system32;C:\Program Files\nodejs\;C:\Program Files\Microsoft\jdk-11.0.12.7-hotspot\bin;C:\Windows;C:\Windows\System32\Wbem;C:\Windows\System32\WindowsPowerShell\v1.0\;C:\Windows\System32\OpenSSH\;C:\Program Files\Microsoft SQL Server\Client SDK\ODBC\170\Tools\Binn\;C:\Program Files\Azure Data Studio\bin;C:\Program Files\dotnet\;C:\Program Files (x86)\Microsoft SQL Server\150\DTS\Binn\;C:\Program Files (x86)\Microsoft SQL Server\150\Tools\Binn\;C:\Program Files\Microsoft SQL Server\150\Tools\Binn\;C:\Program Files\Microsoft SQL Server\150\DTS\Binn\;C:\Program Files (x86)\dotnet\;C:\Program Files\Git\cmd;C:\Program Files\MySQL\MySQL Shell 8.0\bin\;C:\Users\hanan\AppData\Local\Microsoft\WindowsApps;C:\Program Files\Azure Data Studio\bin;C:\Users\hanan\.dotnet\tools;C:\Users\hanan\AppData\Local\Programs\Microsoft VS Code\bin;C:\Users\hanan\AppData\Local\GitHubDesktop\bin;C:\Users\hanan\AppData\Roaming\npm
USERNAME=AbdulHanan
OS=Windows_NT
PROCESSOR_IDENTIFIER=Intel64 Family 6 Model 69 Stepping 1, GenuineIntel



---------------  S Y S T E M  ---------------

OS: Windows 10 , 64 bit Build 19041 (10.0.19041.1806)
OS uptime: 0 days 0:50 hours

CPU:total 4 (initial active 4) (2 cores per cpu, 2 threads per core) family 6 model 69 stepping 1 microcode 0x25, cmov, cx8, fxsr, mmx, sse, sse2, sse3, ssse3, sse4.1, sse4.2, popcnt, avx, avx2, aes, clmul, erms, lzcnt, ht, tsc, tscinvbit, bmi1, bmi2, fma

Memory: 4k page, system-wide physical 8064M (473M free)
TotalPageFile size 30624M (AvailPageFile size 37M)
current process WorkingSet (physical memory assigned to process): 310M, peak: 312M
current process commit charge ("private bytes"): 351M, peak: 353M

vm_info: OpenJDK 64-Bit Server VM (11.0.12+7-b1504.28-7817840) for windows-amd64 JRE (11.0.12+7-b1504.28-7817840), built on Oct 13 2021 22:12:33 by "builder" with MS VC++ 14.0 (VS2015)

END.
